<?xml version="1.0" encoding="UTF-8"?>
<testsuites name="TimKiem_Voi_Nhieu_TestData_Khac_nhau" time="372.294" tests="20" failures="6" errors="0">
   <testsuite name="TimKiem_Voi_Nhieu_TestData_Khac_nhau" tests="20" failures="6" errors="0" time="372.294" skipped="0" timestamp="2024-01-14 01:59:02" hostname="DELL - DESKTOP-T835F3C" id="Test Suites/TimKiem_Voi_Nhieu_TestData_Khac_nhau">
      <properties>
         <property name="deviceName" value=""/>
         <property name="devicePlatform" value=""/>
         <property name="logFolder" value="D:\\MONHOC\\DoAnTotNghiep_2\\automation\\truyenteen.me\\Reports\\20240114_015859\\TimKiem_Voi_Nhieu_TestData_Khac_nhau\\20240114_015859"/>
         <property name="logFiles" value="D:\\MONHOC\\DoAnTotNghiep_2\\automation\\truyenteen.me\\Reports\\20240114_015859\\TimKiem_Voi_Nhieu_TestData_Khac_nhau\\20240114_015859\\execution0.log"/>
         <property name="attachments" value=""/>
         <property name="hostName" value="DELL - DESKTOP-T835F3C"/>
         <property name="os" value="Windows 10 64bit"/>
         <property name="katalonVersion" value="8.6.8.208"/>
         <property name="browser" value="Chrome 120.0.0.0"/>
         <property name="hostAddress" value="192.168.85.1"/>
         <property name="sessionId" value="84fdca62058c05876c55153e6a0a8cd7"/>
         <property name="seleniumVersion" value="3.141.59"/>
         <property name="proxyInformation" value="ProxyInformation { proxyOption=NO_PROXY, proxyServerType=HTTP, username=, password=********, proxyServerAddress=, proxyServerPort=0, executionList=&quot;&quot;, isApplyToDesiredCapabilities=true }"/>
         <property name="platform" value="Windows 10"/>
      </properties>
      <testcase name="Test Cases/TimKiem/TimKiem_DSTruyenTraVe_TenTruyenKhopTuKhoa" time="13.933" classname="Test Cases/TimKiem/TimKiem_DSTruyenTraVe_TenTruyenKhopTuKhoa" status="FAILED">
         <failure type="FAILED" message="Test Cases/TimKiem/TimKiem_DSTruyenTraVe_TenTruyenKhopTuKhoa FAILED.
Reason:
Assertion failed: 

assert wrongElements.size() == 0
       |             |      |
       |             2      false
       [[[CChromeDriver: chrome on WINDOWS (85b0e822fdf6eb6c5463c9a4b131df1c)] -> xpath: /html/body/main/section/div/div[1]/div/div/div[3]/div[1]/article/div/h2], [[CChromeDriver: chrome on WINDOWS (85b0e822fdf6eb6c5463c9a4b131df1c)] -> xpath: /html/body/main/section/div/div[1]/div/div/div[3]/div[1]/article/div/h2]]

	at TimKiem_DSTruyenTraVe_TenTruyenKhopTuKhoa.run(TimKiem_DSTruyenTraVe_TenTruyenKhopTuKhoa:49)
	at com.kms.katalon.core.main.ScriptEngine.run(ScriptEngine.java:194)
	at com.kms.katalon.core.main.ScriptEngine.runScriptAsRawText(ScriptEngine.java:119)
	at com.kms.katalon.core.main.TestCaseExecutor.runScript(TestCaseExecutor.java:448)
	at com.kms.katalon.core.main.TestCaseExecutor.doExecute(TestCaseExecutor.java:439)
	at com.kms.katalon.core.main.TestCaseExecutor.processExecutionPhase(TestCaseExecutor.java:418)
	at com.kms.katalon.core.main.TestCaseExecutor.accessMainPhase(TestCaseExecutor.java:410)
	at com.kms.katalon.core.main.TestCaseExecutor.execute(TestCaseExecutor.java:285)
	at com.kms.katalon.core.common.CommonExecutor.accessTestCaseMainPhase(CommonExecutor.java:65)
	at com.kms.katalon.core.main.TestSuiteExecutor.accessTestSuiteMainPhase(TestSuiteExecutor.java:148)
	at com.kms.katalon.core.main.TestSuiteExecutor.execute(TestSuiteExecutor.java:106)
	at com.kms.katalon.core.main.TestCaseMain.startTestSuite(TestCaseMain.java:187)
	at com.kms.katalon.core.main.TestCaseMain$startTestSuite$0.call(Unknown Source)
	at TempTestSuite1705165140030.run(TempTestSuite1705165140030.groovy:36)
"/>
         <system-out><![CDATA[2024-01-14 01:59:03 - [TEST_CASE][FAILED] - Test Cases/TimKiem/TimKiem_DSTruyenTraVe_TenTruyenKhopTuKhoa: Test Cases/TimKiem/TimKiem_DSTruyenTraVe_TenTruyenKhopTuKhoa FAILED.
Reason:
Assertion failed: 

assert wrongElements.size() == 0
       |             |      |
       |             2      false
       [[[CChromeDriver: chrome on WINDOWS (85b0e822fdf6eb6c5463c9a4b131df1c)] -> xpath: /html/body/main/section/div/div[1]/div/div/div[3]/div[1]/article/div/h2], [[CChromeDriver: chrome on WINDOWS (85b0e822fdf6eb6c5463c9a4b131df1c)] -> xpath: /html/body/main/section/div/div[1]/div/div/div[3]/div[1]/article/div/h2]]

	at TimKiem_DSTruyenTraVe_TenTruyenKhopTuKhoa.run(TimKiem_DSTruyenTraVe_TenTruyenKhopTuKhoa:49)
	at com.kms.katalon.core.main.ScriptEngine.run(ScriptEngine.java:194)
	at com.kms.katalon.core.main.ScriptEngine.runScriptAsRawText(ScriptEngine.java:119)
	at com.kms.katalon.core.main.TestCaseExecutor.runScript(TestCaseExecutor.java:448)
	at com.kms.katalon.core.main.TestCaseExecutor.doExecute(TestCaseExecutor.java:439)
	at com.kms.katalon.core.main.TestCaseExecutor.processExecutionPhase(TestCaseExecutor.java:418)
	at com.kms.katalon.core.main.TestCaseExecutor.accessMainPhase(TestCaseExecutor.java:410)
	at com.kms.katalon.core.main.TestCaseExecutor.execute(TestCaseExecutor.java:285)
	at com.kms.katalon.core.common.CommonExecutor.accessTestCaseMainPhase(CommonExecutor.java:65)
	at com.kms.katalon.core.main.TestSuiteExecutor.accessTestSuiteMainPhase(TestSuiteExecutor.java:148)
	at com.kms.katalon.core.main.TestSuiteExecutor.execute(TestSuiteExecutor.java:106)
	at com.kms.katalon.core.main.TestCaseMain.startTestSuite(TestCaseMain.java:187)
	at com.kms.katalon.core.main.TestCaseMain$startTestSuite$0.call(Unknown Source)
	at TempTestSuite1705165140030.run(TempTestSuite1705165140030.groovy:36)


2024-01-14 01:59:03 - [TEST_STEP][PASSED] - openBrowser(""): Browser is opened with url: ''

2024-01-14 01:59:04 - [MESSAGE][INFO] - Starting 'Chrome' driver

2024-01-14 01:59:04 - [MESSAGE][INFO] - Action delay is set to 0 milliseconds

2024-01-14 01:59:06 - [MESSAGE][PASSED] - Browser is opened with url: ''

2024-01-14 01:59:06 - [TEST_STEP][PASSED] - navigateToUrl("https://truyenteen.me/"): Navigate to 'https://truyenteen.me/' successfully

2024-01-14 01:59:12 - [MESSAGE][PASSED] - Navigate to 'https://truyenteen.me/' successfully

2024-01-14 01:59:12 - [TEST_STEP][PASSED] - waitForElementPresent(findTestObject("Page_TrangChu/button_TurnAdOff"), 10): Object 'Object Repository/Page_TrangChu/button_TurnAdOff' is present

2024-01-14 01:59:13 - [MESSAGE][PASSED] - Object 'Object Repository/Page_TrangChu/button_TurnAdOff' is present

2024-01-14 01:59:13 - [TEST_STEP][PASSED] - click(findTestObject("Object Repository/Page_TrangChu/button_TurnAdOff")): Object: 'Object Repository/Page_TrangChu/button_TurnAdOff' is clicked on

2024-01-14 01:59:13 - [MESSAGE][PASSED] - Object: 'Object Repository/Page_TrangChu/button_TurnAdOff' is clicked on

2024-01-14 01:59:13 - [TEST_STEP][PASSED] - setText(findTestObject("Object Repository/Page_TimKiem/input_search"), keyword): Text 'a' is set on object 'Object Repository/Page_TimKiem/input_search'

2024-01-14 01:59:15 - [MESSAGE][PASSED] - Text 'a' is set on object 'Object Repository/Page_TimKiem/input_search'

2024-01-14 01:59:15 - [TEST_STEP][PASSED] - sendKeys(findTestObject("Object Repository/Page_TimKiem/input_search"), Keys.chord(ENTER)): Keys 'ENTER + ' sent to object: 'Object Repository/Page_TimKiem/input_search'

2024-01-14 01:59:16 - [MESSAGE][PASSED] - Keys 'ENTER + ' sent to object: 'Object Repository/Page_TimKiem/input_search'

2024-01-14 01:59:16 - [TEST_STEP][PASSED] - currentUrl = getUrl(): Current window's url is: 'https://truyenteen.me/kq-tim-kiem?search=a'

2024-01-14 01:59:16 - [MESSAGE][PASSED] - Current window's url is: 'https://truyenteen.me/kq-tim-kiem?search=a'

2024-01-14 01:59:16 - [TEST_STEP][PASSED] - if (currentUrl == url_main): null

2024-01-14 01:59:16 - [TEST_STEP][FAILED] - else: Test Cases/TimKiem/TimKiem_DSTruyenTraVe_TenTruyenKhopTuKhoa FAILED.
Reason:
Assertion failed: 

assert wrongElements.size() == 0
       |             |      |
       |             2      false
       [[[CChromeDriver: chrome on WINDOWS (85b0e822fdf6eb6c5463c9a4b131df1c)] -> xpath: /html/body/main/section/div/div[1]/div/div/div[3]/div[1]/article/div/h2], [[CChromeDriver: chrome on WINDOWS (85b0e822fdf6eb6c5463c9a4b131df1c)] -> xpath: /html/body/main/section/div/div[1]/div/div/div[3]/div[1]/article/div/h2]]

	at TimKiem_DSTruyenTraVe_TenTruyenKhopTuKhoa.run(TimKiem_DSTruyenTraVe_TenTruyenKhopTuKhoa:49)
	at com.kms.katalon.core.main.ScriptEngine.run(ScriptEngine.java:194)
	at com.kms.katalon.core.main.ScriptEngine.runScriptAsRawText(ScriptEngine.java:119)
	at com.kms.katalon.core.main.TestCaseExecutor.runScript(TestCaseExecutor.java:448)
	at com.kms.katalon.core.main.TestCaseExecutor.doExecute(TestCaseExecutor.java:439)
	at com.kms.katalon.core.main.TestCaseExecutor.processExecutionPhase(TestCaseExecutor.java:418)
	at com.kms.katalon.core.main.TestCaseExecutor.accessMainPhase(TestCaseExecutor.java:410)
	at com.kms.katalon.core.main.TestCaseExecutor.execute(TestCaseExecutor.java:285)
	at com.kms.katalon.core.common.CommonExecutor.accessTestCaseMainPhase(CommonExecutor.java:65)
	at com.kms.katalon.core.main.TestSuiteExecutor.accessTestSuiteMainPhase(TestSuiteExecutor.java:148)
	at com.kms.katalon.core.main.TestSuiteExecutor.execute(TestSuiteExecutor.java:106)
	at com.kms.katalon.core.main.TestCaseMain.startTestSuite(TestCaseMain.java:187)
	at com.kms.katalon.core.main.TestCaseMain$startTestSuite$0.call(Unknown Source)
	at TempTestSuite1705165140030.run(TempTestSuite1705165140030.groovy:36)


2024-01-14 01:59:16 - [TEST_STEP][PASSED] - linkNameObject = findTestObject("Object Repository/Page_TimKiem/link_TenTruyen"): null

2024-01-14 01:59:16 - [TEST_STEP][PASSED] - elements = findWebElements(linkNameObject, 10): null

2024-01-14 01:59:17 - [TEST_STEP][PASSED] - wrongElements = elements.findAll({ java.lang.Object i -> ... }): null

2024-01-14 01:59:17 - [TEST_STEP][PASSED] - comment("Kết quả mong đợi là"): Kết quả mong đợi là

2024-01-14 01:59:17 - [MESSAGE][INFO] - Kết quả mong đợi là

2024-01-14 01:59:17 - [TEST_STEP][FAILED] - assert wrongElements.size() == 0: Test Cases/TimKiem/TimKiem_DSTruyenTraVe_TenTruyenKhopTuKhoa FAILED.
Reason:
Assertion failed: 

assert wrongElements.size() == 0
       |             |      |
       |             2      false
       [[[CChromeDriver: chrome on WINDOWS (85b0e822fdf6eb6c5463c9a4b131df1c)] -> xpath: /html/body/main/section/div/div[1]/div/div/div[3]/div[1]/article/div/h2], [[CChromeDriver: chrome on WINDOWS (85b0e822fdf6eb6c5463c9a4b131df1c)] -> xpath: /html/body/main/section/div/div[1]/div/div/div[3]/div[1]/article/div/h2]]

	at TimKiem_DSTruyenTraVe_TenTruyenKhopTuKhoa.run(TimKiem_DSTruyenTraVe_TenTruyenKhopTuKhoa:49)
	at com.kms.katalon.core.main.ScriptEngine.run(ScriptEngine.java:194)
	at com.kms.katalon.core.main.ScriptEngine.runScriptAsRawText(ScriptEngine.java:119)
	at com.kms.katalon.core.main.TestCaseExecutor.runScript(TestCaseExecutor.java:448)
	at com.kms.katalon.core.main.TestCaseExecutor.doExecute(TestCaseExecutor.java:439)
	at com.kms.katalon.core.main.TestCaseExecutor.processExecutionPhase(TestCaseExecutor.java:418)
	at com.kms.katalon.core.main.TestCaseExecutor.accessMainPhase(TestCaseExecutor.java:410)
	at com.kms.katalon.core.main.TestCaseExecutor.execute(TestCaseExecutor.java:285)
	at com.kms.katalon.core.common.CommonExecutor.accessTestCaseMainPhase(CommonExecutor.java:65)
	at com.kms.katalon.core.main.TestSuiteExecutor.accessTestSuiteMainPhase(TestSuiteExecutor.java:148)
	at com.kms.katalon.core.main.TestSuiteExecutor.execute(TestSuiteExecutor.java:106)
	at com.kms.katalon.core.main.TestCaseMain.startTestSuite(TestCaseMain.java:187)
	at com.kms.katalon.core.main.TestCaseMain$startTestSuite$0.call(Unknown Source)
	at TempTestSuite1705165140030.run(TempTestSuite1705165140030.groovy:36)


2024-01-14 01:59:17 - [MESSAGE][FAILED] - Test Cases/TimKiem/TimKiem_DSTruyenTraVe_TenTruyenKhopTuKhoa FAILED.
Reason:
Assertion failed: 

assert wrongElements.size() == 0
       |             |      |
       |             2      false
       [[[CChromeDriver: chrome on WINDOWS (85b0e822fdf6eb6c5463c9a4b131df1c)] -> xpath: /html/body/main/section/div/div[1]/div/div/div[3]/div[1]/article/div/h2], [[CChromeDriver: chrome on WINDOWS (85b0e822fdf6eb6c5463c9a4b131df1c)] -> xpath: /html/body/main/section/div/div[1]/div/div/div[3]/div[1]/article/div/h2]]

	at TimKiem_DSTruyenTraVe_TenTruyenKhopTuKhoa.run(TimKiem_DSTruyenTraVe_TenTruyenKhopTuKhoa:49)
	at com.kms.katalon.core.main.ScriptEngine.run(ScriptEngine.java:194)
	at com.kms.katalon.core.main.ScriptEngine.runScriptAsRawText(ScriptEngine.java:119)
	at com.kms.katalon.core.main.TestCaseExecutor.runScript(TestCaseExecutor.java:448)
	at com.kms.katalon.core.main.TestCaseExecutor.doExecute(TestCaseExecutor.java:439)
	at com.kms.katalon.core.main.TestCaseExecutor.processExecutionPhase(TestCaseExecutor.java:418)
	at com.kms.katalon.core.main.TestCaseExecutor.accessMainPhase(TestCaseExecutor.java:410)
	at com.kms.katalon.core.main.TestCaseExecutor.execute(TestCaseExecutor.java:285)
	at com.kms.katalon.core.common.CommonExecutor.accessTestCaseMainPhase(CommonExecutor.java:65)
	at com.kms.katalon.core.main.TestSuiteExecutor.accessTestSuiteMainPhase(TestSuiteExecutor.java:148)
	at com.kms.katalon.core.main.TestSuiteExecutor.execute(TestSuiteExecutor.java:106)
	at com.kms.katalon.core.main.TestCaseMain.startTestSuite(TestCaseMain.java:187)
	at com.kms.katalon.core.main.TestCaseMain$startTestSuite$0.call(Unknown Source)
	at TempTestSuite1705165140030.run(TempTestSuite1705165140030.groovy:36)]]></system-out>
         <system-err><![CDATA[2024-01-14 01:59:03 - [TEST_CASE][FAILED] - Test Cases/TimKiem/TimKiem_DSTruyenTraVe_TenTruyenKhopTuKhoa: Test Cases/TimKiem/TimKiem_DSTruyenTraVe_TenTruyenKhopTuKhoa FAILED.
Reason:
Assertion failed: 

assert wrongElements.size() == 0
       |             |      |
       |             2      false
       [[[CChromeDriver: chrome on WINDOWS (85b0e822fdf6eb6c5463c9a4b131df1c)] -> xpath: /html/body/main/section/div/div[1]/div/div/div[3]/div[1]/article/div/h2], [[CChromeDriver: chrome on WINDOWS (85b0e822fdf6eb6c5463c9a4b131df1c)] -> xpath: /html/body/main/section/div/div[1]/div/div/div[3]/div[1]/article/div/h2]]

	at TimKiem_DSTruyenTraVe_TenTruyenKhopTuKhoa.run(TimKiem_DSTruyenTraVe_TenTruyenKhopTuKhoa:49)
	at com.kms.katalon.core.main.ScriptEngine.run(ScriptEngine.java:194)
	at com.kms.katalon.core.main.ScriptEngine.runScriptAsRawText(ScriptEngine.java:119)
	at com.kms.katalon.core.main.TestCaseExecutor.runScript(TestCaseExecutor.java:448)
	at com.kms.katalon.core.main.TestCaseExecutor.doExecute(TestCaseExecutor.java:439)
	at com.kms.katalon.core.main.TestCaseExecutor.processExecutionPhase(TestCaseExecutor.java:418)
	at com.kms.katalon.core.main.TestCaseExecutor.accessMainPhase(TestCaseExecutor.java:410)
	at com.kms.katalon.core.main.TestCaseExecutor.execute(TestCaseExecutor.java:285)
	at com.kms.katalon.core.common.CommonExecutor.accessTestCaseMainPhase(CommonExecutor.java:65)
	at com.kms.katalon.core.main.TestSuiteExecutor.accessTestSuiteMainPhase(TestSuiteExecutor.java:148)
	at com.kms.katalon.core.main.TestSuiteExecutor.execute(TestSuiteExecutor.java:106)
	at com.kms.katalon.core.main.TestCaseMain.startTestSuite(TestCaseMain.java:187)
	at com.kms.katalon.core.main.TestCaseMain$startTestSuite$0.call(Unknown Source)
	at TempTestSuite1705165140030.run(TempTestSuite1705165140030.groovy:36)]]></system-err>
      </testcase>
      <testcase name="Test Cases/TimKiem/TimKiem_DSTruyenTraVe_TenTruyenKhopTuKhoa" time="13.309" classname="Test Cases/TimKiem/TimKiem_DSTruyenTraVe_TenTruyenKhopTuKhoa" status="FAILED">
         <failure type="FAILED" message="Test Cases/TimKiem/TimKiem_DSTruyenTraVe_TenTruyenKhopTuKhoa FAILED.
Reason:
Assertion failed: 

assert wrongElements.size() == 0
       |             |      |
       |             5      false
       [[[CChromeDriver: chrome on WINDOWS (c0936e615434b170ac0a127699d1a21f)] -> xpath: /html/body/main/section/div/div[1]/div/div/div[3]/div[1]/article/div/h2], [[CChromeDriver: chrome on WINDOWS (c0936e615434b170ac0a127699d1a21f)] -> xpath: /html/body/main/section/div/div[1]/div/div/div[3]/div[1]/article/div/h2], [[CChromeDriver: chrome on WINDOWS (c0936e615434b170ac0a127699d1a21f)] -> xpath: /html/body/main/section/div/div[1]/div/div/div[3]/div[1]/article/div/h2], [[CChromeDriver: chrome on WINDOWS (c0936e615434b170ac0a127699d1a21f)] -> xpath: /html/body/main/section/div/div[1]/div/div/div[3]/div[1]/article/div/h2], [[CChromeDriver: chrome on WINDOWS (c0936e615434b170ac0a127699d1a21f)] -> xpath: /html/body/main/section/div/div[1]/div/div/div[3]/div[1]/article/div/h2]]

	at TimKiem_DSTruyenTraVe_TenTruyenKhopTuKhoa.run(TimKiem_DSTruyenTraVe_TenTruyenKhopTuKhoa:49)
	at com.kms.katalon.core.main.ScriptEngine.run(ScriptEngine.java:194)
	at com.kms.katalon.core.main.ScriptEngine.runScriptAsRawText(ScriptEngine.java:119)
	at com.kms.katalon.core.main.TestCaseExecutor.runScript(TestCaseExecutor.java:448)
	at com.kms.katalon.core.main.TestCaseExecutor.doExecute(TestCaseExecutor.java:439)
	at com.kms.katalon.core.main.TestCaseExecutor.processExecutionPhase(TestCaseExecutor.java:418)
	at com.kms.katalon.core.main.TestCaseExecutor.accessMainPhase(TestCaseExecutor.java:410)
	at com.kms.katalon.core.main.TestCaseExecutor.execute(TestCaseExecutor.java:285)
	at com.kms.katalon.core.common.CommonExecutor.accessTestCaseMainPhase(CommonExecutor.java:65)
	at com.kms.katalon.core.main.TestSuiteExecutor.accessTestSuiteMainPhase(TestSuiteExecutor.java:148)
	at com.kms.katalon.core.main.TestSuiteExecutor.execute(TestSuiteExecutor.java:106)
	at com.kms.katalon.core.main.TestCaseMain.startTestSuite(TestCaseMain.java:187)
	at com.kms.katalon.core.main.TestCaseMain$startTestSuite$0.call(Unknown Source)
	at TempTestSuite1705165140030.run(TempTestSuite1705165140030.groovy:36)
"/>
         <system-out><![CDATA[2024-01-14 01:59:17 - [TEST_CASE][FAILED] - Test Cases/TimKiem/TimKiem_DSTruyenTraVe_TenTruyenKhopTuKhoa: Test Cases/TimKiem/TimKiem_DSTruyenTraVe_TenTruyenKhopTuKhoa FAILED.
Reason:
Assertion failed: 

assert wrongElements.size() == 0
       |             |      |
       |             5      false
       [[[CChromeDriver: chrome on WINDOWS (c0936e615434b170ac0a127699d1a21f)] -> xpath: /html/body/main/section/div/div[1]/div/div/div[3]/div[1]/article/div/h2], [[CChromeDriver: chrome on WINDOWS (c0936e615434b170ac0a127699d1a21f)] -> xpath: /html/body/main/section/div/div[1]/div/div/div[3]/div[1]/article/div/h2], [[CChromeDriver: chrome on WINDOWS (c0936e615434b170ac0a127699d1a21f)] -> xpath: /html/body/main/section/div/div[1]/div/div/div[3]/div[1]/article/div/h2], [[CChromeDriver: chrome on WINDOWS (c0936e615434b170ac0a127699d1a21f)] -> xpath: /html/body/main/section/div/div[1]/div/div/div[3]/div[1]/article/div/h2], [[CChromeDriver: chrome on WINDOWS (c0936e615434b170ac0a127699d1a21f)] -> xpath: /html/body/main/section/div/div[1]/div/div/div[3]/div[1]/article/div/h2]]

	at TimKiem_DSTruyenTraVe_TenTruyenKhopTuKhoa.run(TimKiem_DSTruyenTraVe_TenTruyenKhopTuKhoa:49)
	at com.kms.katalon.core.main.ScriptEngine.run(ScriptEngine.java:194)
	at com.kms.katalon.core.main.ScriptEngine.runScriptAsRawText(ScriptEngine.java:119)
	at com.kms.katalon.core.main.TestCaseExecutor.runScript(TestCaseExecutor.java:448)
	at com.kms.katalon.core.main.TestCaseExecutor.doExecute(TestCaseExecutor.java:439)
	at com.kms.katalon.core.main.TestCaseExecutor.processExecutionPhase(TestCaseExecutor.java:418)
	at com.kms.katalon.core.main.TestCaseExecutor.accessMainPhase(TestCaseExecutor.java:410)
	at com.kms.katalon.core.main.TestCaseExecutor.execute(TestCaseExecutor.java:285)
	at com.kms.katalon.core.common.CommonExecutor.accessTestCaseMainPhase(CommonExecutor.java:65)
	at com.kms.katalon.core.main.TestSuiteExecutor.accessTestSuiteMainPhase(TestSuiteExecutor.java:148)
	at com.kms.katalon.core.main.TestSuiteExecutor.execute(TestSuiteExecutor.java:106)
	at com.kms.katalon.core.main.TestCaseMain.startTestSuite(TestCaseMain.java:187)
	at com.kms.katalon.core.main.TestCaseMain$startTestSuite$0.call(Unknown Source)
	at TempTestSuite1705165140030.run(TempTestSuite1705165140030.groovy:36)


2024-01-14 01:59:17 - [TEST_STEP][PASSED] - openBrowser(""): Browser is opened with url: ''

2024-01-14 01:59:17 - [MESSAGE][WARNING] - A browser is already opened. Closing browser and opening a new one

2024-01-14 01:59:18 - [MESSAGE][INFO] - Starting 'Chrome' driver

2024-01-14 01:59:18 - [MESSAGE][INFO] - Action delay is set to 0 milliseconds

2024-01-14 01:59:20 - [MESSAGE][PASSED] - Browser is opened with url: ''

2024-01-14 01:59:20 - [TEST_STEP][PASSED] - navigateToUrl("https://truyenteen.me/"): Navigate to 'https://truyenteen.me/' successfully

2024-01-14 01:59:25 - [MESSAGE][PASSED] - Navigate to 'https://truyenteen.me/' successfully

2024-01-14 01:59:25 - [TEST_STEP][PASSED] - waitForElementPresent(findTestObject("Page_TrangChu/button_TurnAdOff"), 10): Object 'Object Repository/Page_TrangChu/button_TurnAdOff' is present

2024-01-14 01:59:26 - [MESSAGE][PASSED] - Object 'Object Repository/Page_TrangChu/button_TurnAdOff' is present

2024-01-14 01:59:26 - [TEST_STEP][PASSED] - click(findTestObject("Object Repository/Page_TrangChu/button_TurnAdOff")): Object: 'Object Repository/Page_TrangChu/button_TurnAdOff' is clicked on

2024-01-14 01:59:27 - [MESSAGE][PASSED] - Object: 'Object Repository/Page_TrangChu/button_TurnAdOff' is clicked on

2024-01-14 01:59:27 - [TEST_STEP][PASSED] - setText(findTestObject("Object Repository/Page_TimKiem/input_search"), keyword): Text 'A' is set on object 'Object Repository/Page_TimKiem/input_search'

2024-01-14 01:59:28 - [MESSAGE][PASSED] - Text 'A' is set on object 'Object Repository/Page_TimKiem/input_search'

2024-01-14 01:59:28 - [TEST_STEP][PASSED] - sendKeys(findTestObject("Object Repository/Page_TimKiem/input_search"), Keys.chord(ENTER)): Keys 'ENTER + ' sent to object: 'Object Repository/Page_TimKiem/input_search'

2024-01-14 01:59:29 - [MESSAGE][PASSED] - Keys 'ENTER + ' sent to object: 'Object Repository/Page_TimKiem/input_search'

2024-01-14 01:59:29 - [TEST_STEP][PASSED] - currentUrl = getUrl(): Current window's url is: 'https://truyenteen.me/kq-tim-kiem?search=A'

2024-01-14 01:59:29 - [MESSAGE][PASSED] - Current window's url is: 'https://truyenteen.me/kq-tim-kiem?search=A'

2024-01-14 01:59:29 - [TEST_STEP][PASSED] - if (currentUrl == url_main): null

2024-01-14 01:59:29 - [TEST_STEP][FAILED] - else: Test Cases/TimKiem/TimKiem_DSTruyenTraVe_TenTruyenKhopTuKhoa FAILED.
Reason:
Assertion failed: 

assert wrongElements.size() == 0
       |             |      |
       |             5      false
       [[[CChromeDriver: chrome on WINDOWS (c0936e615434b170ac0a127699d1a21f)] -> xpath: /html/body/main/section/div/div[1]/div/div/div[3]/div[1]/article/div/h2], [[CChromeDriver: chrome on WINDOWS (c0936e615434b170ac0a127699d1a21f)] -> xpath: /html/body/main/section/div/div[1]/div/div/div[3]/div[1]/article/div/h2], [[CChromeDriver: chrome on WINDOWS (c0936e615434b170ac0a127699d1a21f)] -> xpath: /html/body/main/section/div/div[1]/div/div/div[3]/div[1]/article/div/h2], [[CChromeDriver: chrome on WINDOWS (c0936e615434b170ac0a127699d1a21f)] -> xpath: /html/body/main/section/div/div[1]/div/div/div[3]/div[1]/article/div/h2], [[CChromeDriver: chrome on WINDOWS (c0936e615434b170ac0a127699d1a21f)] -> xpath: /html/body/main/section/div/div[1]/div/div/div[3]/div[1]/article/div/h2]]

	at TimKiem_DSTruyenTraVe_TenTruyenKhopTuKhoa.run(TimKiem_DSTruyenTraVe_TenTruyenKhopTuKhoa:49)
	at com.kms.katalon.core.main.ScriptEngine.run(ScriptEngine.java:194)
	at com.kms.katalon.core.main.ScriptEngine.runScriptAsRawText(ScriptEngine.java:119)
	at com.kms.katalon.core.main.TestCaseExecutor.runScript(TestCaseExecutor.java:448)
	at com.kms.katalon.core.main.TestCaseExecutor.doExecute(TestCaseExecutor.java:439)
	at com.kms.katalon.core.main.TestCaseExecutor.processExecutionPhase(TestCaseExecutor.java:418)
	at com.kms.katalon.core.main.TestCaseExecutor.accessMainPhase(TestCaseExecutor.java:410)
	at com.kms.katalon.core.main.TestCaseExecutor.execute(TestCaseExecutor.java:285)
	at com.kms.katalon.core.common.CommonExecutor.accessTestCaseMainPhase(CommonExecutor.java:65)
	at com.kms.katalon.core.main.TestSuiteExecutor.accessTestSuiteMainPhase(TestSuiteExecutor.java:148)
	at com.kms.katalon.core.main.TestSuiteExecutor.execute(TestSuiteExecutor.java:106)
	at com.kms.katalon.core.main.TestCaseMain.startTestSuite(TestCaseMain.java:187)
	at com.kms.katalon.core.main.TestCaseMain$startTestSuite$0.call(Unknown Source)
	at TempTestSuite1705165140030.run(TempTestSuite1705165140030.groovy:36)


2024-01-14 01:59:29 - [TEST_STEP][PASSED] - linkNameObject = findTestObject("Object Repository/Page_TimKiem/link_TenTruyen"): null

2024-01-14 01:59:29 - [TEST_STEP][PASSED] - elements = findWebElements(linkNameObject, 10): null

2024-01-14 01:59:30 - [TEST_STEP][PASSED] - wrongElements = elements.findAll({ java.lang.Object i -> ... }): null

2024-01-14 01:59:30 - [TEST_STEP][PASSED] - comment("Kết quả mong đợi là"): Kết quả mong đợi là

2024-01-14 01:59:30 - [MESSAGE][INFO] - Kết quả mong đợi là

2024-01-14 01:59:30 - [TEST_STEP][FAILED] - assert wrongElements.size() == 0: Test Cases/TimKiem/TimKiem_DSTruyenTraVe_TenTruyenKhopTuKhoa FAILED.
Reason:
Assertion failed: 

assert wrongElements.size() == 0
       |             |      |
       |             5      false
       [[[CChromeDriver: chrome on WINDOWS (c0936e615434b170ac0a127699d1a21f)] -> xpath: /html/body/main/section/div/div[1]/div/div/div[3]/div[1]/article/div/h2], [[CChromeDriver: chrome on WINDOWS (c0936e615434b170ac0a127699d1a21f)] -> xpath: /html/body/main/section/div/div[1]/div/div/div[3]/div[1]/article/div/h2], [[CChromeDriver: chrome on WINDOWS (c0936e615434b170ac0a127699d1a21f)] -> xpath: /html/body/main/section/div/div[1]/div/div/div[3]/div[1]/article/div/h2], [[CChromeDriver: chrome on WINDOWS (c0936e615434b170ac0a127699d1a21f)] -> xpath: /html/body/main/section/div/div[1]/div/div/div[3]/div[1]/article/div/h2], [[CChromeDriver: chrome on WINDOWS (c0936e615434b170ac0a127699d1a21f)] -> xpath: /html/body/main/section/div/div[1]/div/div/div[3]/div[1]/article/div/h2]]

	at TimKiem_DSTruyenTraVe_TenTruyenKhopTuKhoa.run(TimKiem_DSTruyenTraVe_TenTruyenKhopTuKhoa:49)
	at com.kms.katalon.core.main.ScriptEngine.run(ScriptEngine.java:194)
	at com.kms.katalon.core.main.ScriptEngine.runScriptAsRawText(ScriptEngine.java:119)
	at com.kms.katalon.core.main.TestCaseExecutor.runScript(TestCaseExecutor.java:448)
	at com.kms.katalon.core.main.TestCaseExecutor.doExecute(TestCaseExecutor.java:439)
	at com.kms.katalon.core.main.TestCaseExecutor.processExecutionPhase(TestCaseExecutor.java:418)
	at com.kms.katalon.core.main.TestCaseExecutor.accessMainPhase(TestCaseExecutor.java:410)
	at com.kms.katalon.core.main.TestCaseExecutor.execute(TestCaseExecutor.java:285)
	at com.kms.katalon.core.common.CommonExecutor.accessTestCaseMainPhase(CommonExecutor.java:65)
	at com.kms.katalon.core.main.TestSuiteExecutor.accessTestSuiteMainPhase(TestSuiteExecutor.java:148)
	at com.kms.katalon.core.main.TestSuiteExecutor.execute(TestSuiteExecutor.java:106)
	at com.kms.katalon.core.main.TestCaseMain.startTestSuite(TestCaseMain.java:187)
	at com.kms.katalon.core.main.TestCaseMain$startTestSuite$0.call(Unknown Source)
	at TempTestSuite1705165140030.run(TempTestSuite1705165140030.groovy:36)


2024-01-14 01:59:30 - [MESSAGE][FAILED] - Test Cases/TimKiem/TimKiem_DSTruyenTraVe_TenTruyenKhopTuKhoa FAILED.
Reason:
Assertion failed: 

assert wrongElements.size() == 0
       |             |      |
       |             5      false
       [[[CChromeDriver: chrome on WINDOWS (c0936e615434b170ac0a127699d1a21f)] -> xpath: /html/body/main/section/div/div[1]/div/div/div[3]/div[1]/article/div/h2], [[CChromeDriver: chrome on WINDOWS (c0936e615434b170ac0a127699d1a21f)] -> xpath: /html/body/main/section/div/div[1]/div/div/div[3]/div[1]/article/div/h2], [[CChromeDriver: chrome on WINDOWS (c0936e615434b170ac0a127699d1a21f)] -> xpath: /html/body/main/section/div/div[1]/div/div/div[3]/div[1]/article/div/h2], [[CChromeDriver: chrome on WINDOWS (c0936e615434b170ac0a127699d1a21f)] -> xpath: /html/body/main/section/div/div[1]/div/div/div[3]/div[1]/article/div/h2], [[CChromeDriver: chrome on WINDOWS (c0936e615434b170ac0a127699d1a21f)] -> xpath: /html/body/main/section/div/div[1]/div/div/div[3]/div[1]/article/div/h2]]

	at TimKiem_DSTruyenTraVe_TenTruyenKhopTuKhoa.run(TimKiem_DSTruyenTraVe_TenTruyenKhopTuKhoa:49)
	at com.kms.katalon.core.main.ScriptEngine.run(ScriptEngine.java:194)
	at com.kms.katalon.core.main.ScriptEngine.runScriptAsRawText(ScriptEngine.java:119)
	at com.kms.katalon.core.main.TestCaseExecutor.runScript(TestCaseExecutor.java:448)
	at com.kms.katalon.core.main.TestCaseExecutor.doExecute(TestCaseExecutor.java:439)
	at com.kms.katalon.core.main.TestCaseExecutor.processExecutionPhase(TestCaseExecutor.java:418)
	at com.kms.katalon.core.main.TestCaseExecutor.accessMainPhase(TestCaseExecutor.java:410)
	at com.kms.katalon.core.main.TestCaseExecutor.execute(TestCaseExecutor.java:285)
	at com.kms.katalon.core.common.CommonExecutor.accessTestCaseMainPhase(CommonExecutor.java:65)
	at com.kms.katalon.core.main.TestSuiteExecutor.accessTestSuiteMainPhase(TestSuiteExecutor.java:148)
	at com.kms.katalon.core.main.TestSuiteExecutor.execute(TestSuiteExecutor.java:106)
	at com.kms.katalon.core.main.TestCaseMain.startTestSuite(TestCaseMain.java:187)
	at com.kms.katalon.core.main.TestCaseMain$startTestSuite$0.call(Unknown Source)
	at TempTestSuite1705165140030.run(TempTestSuite1705165140030.groovy:36)]]></system-out>
         <system-err><![CDATA[2024-01-14 01:59:17 - [TEST_CASE][FAILED] - Test Cases/TimKiem/TimKiem_DSTruyenTraVe_TenTruyenKhopTuKhoa: Test Cases/TimKiem/TimKiem_DSTruyenTraVe_TenTruyenKhopTuKhoa FAILED.
Reason:
Assertion failed: 

assert wrongElements.size() == 0
       |             |      |
       |             5      false
       [[[CChromeDriver: chrome on WINDOWS (c0936e615434b170ac0a127699d1a21f)] -> xpath: /html/body/main/section/div/div[1]/div/div/div[3]/div[1]/article/div/h2], [[CChromeDriver: chrome on WINDOWS (c0936e615434b170ac0a127699d1a21f)] -> xpath: /html/body/main/section/div/div[1]/div/div/div[3]/div[1]/article/div/h2], [[CChromeDriver: chrome on WINDOWS (c0936e615434b170ac0a127699d1a21f)] -> xpath: /html/body/main/section/div/div[1]/div/div/div[3]/div[1]/article/div/h2], [[CChromeDriver: chrome on WINDOWS (c0936e615434b170ac0a127699d1a21f)] -> xpath: /html/body/main/section/div/div[1]/div/div/div[3]/div[1]/article/div/h2], [[CChromeDriver: chrome on WINDOWS (c0936e615434b170ac0a127699d1a21f)] -> xpath: /html/body/main/section/div/div[1]/div/div/div[3]/div[1]/article/div/h2]]

	at TimKiem_DSTruyenTraVe_TenTruyenKhopTuKhoa.run(TimKiem_DSTruyenTraVe_TenTruyenKhopTuKhoa:49)
	at com.kms.katalon.core.main.ScriptEngine.run(ScriptEngine.java:194)
	at com.kms.katalon.core.main.ScriptEngine.runScriptAsRawText(ScriptEngine.java:119)
	at com.kms.katalon.core.main.TestCaseExecutor.runScript(TestCaseExecutor.java:448)
	at com.kms.katalon.core.main.TestCaseExecutor.doExecute(TestCaseExecutor.java:439)
	at com.kms.katalon.core.main.TestCaseExecutor.processExecutionPhase(TestCaseExecutor.java:418)
	at com.kms.katalon.core.main.TestCaseExecutor.accessMainPhase(TestCaseExecutor.java:410)
	at com.kms.katalon.core.main.TestCaseExecutor.execute(TestCaseExecutor.java:285)
	at com.kms.katalon.core.common.CommonExecutor.accessTestCaseMainPhase(CommonExecutor.java:65)
	at com.kms.katalon.core.main.TestSuiteExecutor.accessTestSuiteMainPhase(TestSuiteExecutor.java:148)
	at com.kms.katalon.core.main.TestSuiteExecutor.execute(TestSuiteExecutor.java:106)
	at com.kms.katalon.core.main.TestCaseMain.startTestSuite(TestCaseMain.java:187)
	at com.kms.katalon.core.main.TestCaseMain$startTestSuite$0.call(Unknown Source)
	at TempTestSuite1705165140030.run(TempTestSuite1705165140030.groovy:36)]]></system-err>
      </testcase>
      <testcase name="Test Cases/TimKiem/TimKiem_DSTruyenTraVe_TenTruyenKhopTuKhoa" time="23.5" classname="Test Cases/TimKiem/TimKiem_DSTruyenTraVe_TenTruyenKhopTuKhoa" status="PASSED">
         <system-out><![CDATA[2024-01-14 01:59:30 - [TEST_CASE][PASSED] - Test Cases/TimKiem/TimKiem_DSTruyenTraVe_TenTruyenKhopTuKhoa: Test Cases/TimKiem/TimKiem_DSTruyenTraVe_TenTruyenKhopTuKhoa

2024-01-14 01:59:30 - [TEST_STEP][PASSED] - openBrowser(""): Browser is opened with url: ''

2024-01-14 01:59:30 - [MESSAGE][WARNING] - A browser is already opened. Closing browser and opening a new one

2024-01-14 01:59:31 - [MESSAGE][INFO] - Starting 'Chrome' driver

2024-01-14 01:59:31 - [MESSAGE][INFO] - Action delay is set to 0 milliseconds

2024-01-14 01:59:33 - [MESSAGE][PASSED] - Browser is opened with url: ''

2024-01-14 01:59:33 - [TEST_STEP][PASSED] - navigateToUrl("https://truyenteen.me/"): Navigate to 'https://truyenteen.me/' successfully

2024-01-14 01:59:37 - [MESSAGE][PASSED] - Navigate to 'https://truyenteen.me/' successfully

2024-01-14 01:59:37 - [TEST_STEP][PASSED] - waitForElementPresent(findTestObject("Page_TrangChu/button_TurnAdOff"), 10): Object 'Object Repository/Page_TrangChu/button_TurnAdOff' is present

2024-01-14 01:59:38 - [MESSAGE][PASSED] - Object 'Object Repository/Page_TrangChu/button_TurnAdOff' is present

2024-01-14 01:59:38 - [TEST_STEP][PASSED] - click(findTestObject("Object Repository/Page_TrangChu/button_TurnAdOff")): Object: 'Object Repository/Page_TrangChu/button_TurnAdOff' is clicked on

2024-01-14 01:59:39 - [MESSAGE][PASSED] - Object: 'Object Repository/Page_TrangChu/button_TurnAdOff' is clicked on

2024-01-14 01:59:39 - [TEST_STEP][PASSED] - setText(findTestObject("Object Repository/Page_TimKiem/input_search"), keyword): Text 'dau' is set on object 'Object Repository/Page_TimKiem/input_search'

2024-01-14 01:59:41 - [MESSAGE][PASSED] - Text 'dau' is set on object 'Object Repository/Page_TimKiem/input_search'

2024-01-14 01:59:41 - [TEST_STEP][PASSED] - sendKeys(findTestObject("Object Repository/Page_TimKiem/input_search"), Keys.chord(ENTER)): Keys 'ENTER + ' sent to object: 'Object Repository/Page_TimKiem/input_search'

2024-01-14 01:59:42 - [MESSAGE][PASSED] - Keys 'ENTER + ' sent to object: 'Object Repository/Page_TimKiem/input_search'

2024-01-14 01:59:42 - [TEST_STEP][PASSED] - currentUrl = getUrl(): Current window's url is: 'https://truyenteen.me/kq-tim-kiem?search=dau'

2024-01-14 01:59:42 - [MESSAGE][PASSED] - Current window's url is: 'https://truyenteen.me/kq-tim-kiem?search=dau'

2024-01-14 01:59:42 - [TEST_STEP][PASSED] - if (currentUrl == url_main): null

2024-01-14 01:59:42 - [TEST_STEP][PASSED] - else: null

2024-01-14 01:59:42 - [TEST_STEP][PASSED] - linkNameObject = findTestObject("Object Repository/Page_TimKiem/link_TenTruyen"): null

2024-01-14 01:59:42 - [TEST_STEP][PASSED] - elements = findWebElements(linkNameObject, 10): Unable to find the element located by 'By.xpath: /html/body/main/section/div/div[1]/div/div/div[3]/div[1]/article/div/h2'. Please recheck the objects properties to make sure the desired element is located. 

2024-01-14 01:59:53 - [MESSAGE][INFO] - Unable to find the element located by 'By.xpath: /html/body/main/section/div/div[1]/div/div/div[3]/div[1]/article/div/h2'. Please recheck the objects properties to make sure the desired element is located. 

2024-01-14 01:59:53 - [TEST_STEP][PASSED] - wrongElements = elements.findAll({ java.lang.Object i -> ... }): null

2024-01-14 01:59:53 - [TEST_STEP][PASSED] - comment("Kết quả mong đợi là"): Kết quả mong đợi là

2024-01-14 01:59:53 - [MESSAGE][INFO] - Kết quả mong đợi là

2024-01-14 01:59:53 - [TEST_STEP][PASSED] - assert wrongElements.size() == 0: null

2024-01-14 01:59:53 - [TEST_STEP][PASSED] - closeBrowser(): Browser is closed

2024-01-14 01:59:54 - [MESSAGE][PASSED] - Browser is closed]]></system-out>
         <system-err><![CDATA[]]></system-err>
      </testcase>
      <testcase name="Test Cases/TimKiem/TimKiem_DSTruyenTraVe_TenTruyenKhopTuKhoa" time="11.077" classname="Test Cases/TimKiem/TimKiem_DSTruyenTraVe_TenTruyenKhopTuKhoa" status="FAILED">
         <failure type="FAILED" message="Test Cases/TimKiem/TimKiem_DSTruyenTraVe_TenTruyenKhopTuKhoa FAILED.
Reason:
Assertion failed: 

assert wrongElements.size() == 0
       |             |      |
       |             1      false
       [[[CChromeDriver: chrome on WINDOWS (23b00ec11d63b22e8831bff3ee61b016)] -> xpath: /html/body/main/section/div/div[1]/div/div/div[3]/div[1]/article/div/h2]]

	at TimKiem_DSTruyenTraVe_TenTruyenKhopTuKhoa.run(TimKiem_DSTruyenTraVe_TenTruyenKhopTuKhoa:49)
	at com.kms.katalon.core.main.ScriptEngine.run(ScriptEngine.java:194)
	at com.kms.katalon.core.main.ScriptEngine.runScriptAsRawText(ScriptEngine.java:119)
	at com.kms.katalon.core.main.TestCaseExecutor.runScript(TestCaseExecutor.java:448)
	at com.kms.katalon.core.main.TestCaseExecutor.doExecute(TestCaseExecutor.java:439)
	at com.kms.katalon.core.main.TestCaseExecutor.processExecutionPhase(TestCaseExecutor.java:418)
	at com.kms.katalon.core.main.TestCaseExecutor.accessMainPhase(TestCaseExecutor.java:410)
	at com.kms.katalon.core.main.TestCaseExecutor.execute(TestCaseExecutor.java:285)
	at com.kms.katalon.core.common.CommonExecutor.accessTestCaseMainPhase(CommonExecutor.java:65)
	at com.kms.katalon.core.main.TestSuiteExecutor.accessTestSuiteMainPhase(TestSuiteExecutor.java:148)
	at com.kms.katalon.core.main.TestSuiteExecutor.execute(TestSuiteExecutor.java:106)
	at com.kms.katalon.core.main.TestCaseMain.startTestSuite(TestCaseMain.java:187)
	at com.kms.katalon.core.main.TestCaseMain$startTestSuite$0.call(Unknown Source)
	at TempTestSuite1705165140030.run(TempTestSuite1705165140030.groovy:36)
"/>
         <system-out><![CDATA[2024-01-14 01:59:54 - [TEST_CASE][FAILED] - Test Cases/TimKiem/TimKiem_DSTruyenTraVe_TenTruyenKhopTuKhoa: Test Cases/TimKiem/TimKiem_DSTruyenTraVe_TenTruyenKhopTuKhoa FAILED.
Reason:
Assertion failed: 

assert wrongElements.size() == 0
       |             |      |
       |             1      false
       [[[CChromeDriver: chrome on WINDOWS (23b00ec11d63b22e8831bff3ee61b016)] -> xpath: /html/body/main/section/div/div[1]/div/div/div[3]/div[1]/article/div/h2]]

	at TimKiem_DSTruyenTraVe_TenTruyenKhopTuKhoa.run(TimKiem_DSTruyenTraVe_TenTruyenKhopTuKhoa:49)
	at com.kms.katalon.core.main.ScriptEngine.run(ScriptEngine.java:194)
	at com.kms.katalon.core.main.ScriptEngine.runScriptAsRawText(ScriptEngine.java:119)
	at com.kms.katalon.core.main.TestCaseExecutor.runScript(TestCaseExecutor.java:448)
	at com.kms.katalon.core.main.TestCaseExecutor.doExecute(TestCaseExecutor.java:439)
	at com.kms.katalon.core.main.TestCaseExecutor.processExecutionPhase(TestCaseExecutor.java:418)
	at com.kms.katalon.core.main.TestCaseExecutor.accessMainPhase(TestCaseExecutor.java:410)
	at com.kms.katalon.core.main.TestCaseExecutor.execute(TestCaseExecutor.java:285)
	at com.kms.katalon.core.common.CommonExecutor.accessTestCaseMainPhase(CommonExecutor.java:65)
	at com.kms.katalon.core.main.TestSuiteExecutor.accessTestSuiteMainPhase(TestSuiteExecutor.java:148)
	at com.kms.katalon.core.main.TestSuiteExecutor.execute(TestSuiteExecutor.java:106)
	at com.kms.katalon.core.main.TestCaseMain.startTestSuite(TestCaseMain.java:187)
	at com.kms.katalon.core.main.TestCaseMain$startTestSuite$0.call(Unknown Source)
	at TempTestSuite1705165140030.run(TempTestSuite1705165140030.groovy:36)


2024-01-14 01:59:54 - [TEST_STEP][PASSED] - openBrowser(""): Browser is opened with url: ''

2024-01-14 01:59:54 - [MESSAGE][INFO] - Starting 'Chrome' driver

2024-01-14 01:59:54 - [MESSAGE][INFO] - Action delay is set to 0 milliseconds

2024-01-14 01:59:55 - [MESSAGE][PASSED] - Browser is opened with url: ''

2024-01-14 01:59:55 - [TEST_STEP][PASSED] - navigateToUrl("https://truyenteen.me/"): Navigate to 'https://truyenteen.me/' successfully

2024-01-14 02:00:00 - [MESSAGE][PASSED] - Navigate to 'https://truyenteen.me/' successfully

2024-01-14 02:00:00 - [TEST_STEP][PASSED] - waitForElementPresent(findTestObject("Page_TrangChu/button_TurnAdOff"), 10): Object 'Object Repository/Page_TrangChu/button_TurnAdOff' is present

2024-01-14 02:00:01 - [MESSAGE][PASSED] - Object 'Object Repository/Page_TrangChu/button_TurnAdOff' is present

2024-01-14 02:00:01 - [TEST_STEP][PASSED] - click(findTestObject("Object Repository/Page_TrangChu/button_TurnAdOff")): Object: 'Object Repository/Page_TrangChu/button_TurnAdOff' is clicked on

2024-01-14 02:00:02 - [MESSAGE][PASSED] - Object: 'Object Repository/Page_TrangChu/button_TurnAdOff' is clicked on

2024-01-14 02:00:02 - [TEST_STEP][PASSED] - setText(findTestObject("Object Repository/Page_TimKiem/input_search"), keyword): Text 'đấu' is set on object 'Object Repository/Page_TimKiem/input_search'

2024-01-14 02:00:03 - [MESSAGE][PASSED] - Text 'đấu' is set on object 'Object Repository/Page_TimKiem/input_search'

2024-01-14 02:00:03 - [TEST_STEP][PASSED] - sendKeys(findTestObject("Object Repository/Page_TimKiem/input_search"), Keys.chord(ENTER)): Keys 'ENTER + ' sent to object: 'Object Repository/Page_TimKiem/input_search'

2024-01-14 02:00:04 - [MESSAGE][PASSED] - Keys 'ENTER + ' sent to object: 'Object Repository/Page_TimKiem/input_search'

2024-01-14 02:00:04 - [TEST_STEP][PASSED] - currentUrl = getUrl(): Current window's url is: 'https://truyenteen.me/kq-tim-kiem?search=%C4%91%E1%BA%A5u'

2024-01-14 02:00:04 - [MESSAGE][PASSED] - Current window's url is: 'https://truyenteen.me/kq-tim-kiem?search=%C4%91%E1%BA%A5u'

2024-01-14 02:00:04 - [TEST_STEP][PASSED] - if (currentUrl == url_main): null

2024-01-14 02:00:04 - [TEST_STEP][FAILED] - else: Test Cases/TimKiem/TimKiem_DSTruyenTraVe_TenTruyenKhopTuKhoa FAILED.
Reason:
Assertion failed: 

assert wrongElements.size() == 0
       |             |      |
       |             1      false
       [[[CChromeDriver: chrome on WINDOWS (23b00ec11d63b22e8831bff3ee61b016)] -> xpath: /html/body/main/section/div/div[1]/div/div/div[3]/div[1]/article/div/h2]]

	at TimKiem_DSTruyenTraVe_TenTruyenKhopTuKhoa.run(TimKiem_DSTruyenTraVe_TenTruyenKhopTuKhoa:49)
	at com.kms.katalon.core.main.ScriptEngine.run(ScriptEngine.java:194)
	at com.kms.katalon.core.main.ScriptEngine.runScriptAsRawText(ScriptEngine.java:119)
	at com.kms.katalon.core.main.TestCaseExecutor.runScript(TestCaseExecutor.java:448)
	at com.kms.katalon.core.main.TestCaseExecutor.doExecute(TestCaseExecutor.java:439)
	at com.kms.katalon.core.main.TestCaseExecutor.processExecutionPhase(TestCaseExecutor.java:418)
	at com.kms.katalon.core.main.TestCaseExecutor.accessMainPhase(TestCaseExecutor.java:410)
	at com.kms.katalon.core.main.TestCaseExecutor.execute(TestCaseExecutor.java:285)
	at com.kms.katalon.core.common.CommonExecutor.accessTestCaseMainPhase(CommonExecutor.java:65)
	at com.kms.katalon.core.main.TestSuiteExecutor.accessTestSuiteMainPhase(TestSuiteExecutor.java:148)
	at com.kms.katalon.core.main.TestSuiteExecutor.execute(TestSuiteExecutor.java:106)
	at com.kms.katalon.core.main.TestCaseMain.startTestSuite(TestCaseMain.java:187)
	at com.kms.katalon.core.main.TestCaseMain$startTestSuite$0.call(Unknown Source)
	at TempTestSuite1705165140030.run(TempTestSuite1705165140030.groovy:36)


2024-01-14 02:00:04 - [TEST_STEP][PASSED] - linkNameObject = findTestObject("Object Repository/Page_TimKiem/link_TenTruyen"): null

2024-01-14 02:00:04 - [TEST_STEP][PASSED] - elements = findWebElements(linkNameObject, 10): null

2024-01-14 02:00:05 - [TEST_STEP][PASSED] - wrongElements = elements.findAll({ java.lang.Object i -> ... }): null

2024-01-14 02:00:05 - [TEST_STEP][PASSED] - comment("Kết quả mong đợi là"): Kết quả mong đợi là

2024-01-14 02:00:05 - [MESSAGE][INFO] - Kết quả mong đợi là

2024-01-14 02:00:05 - [TEST_STEP][FAILED] - assert wrongElements.size() == 0: Test Cases/TimKiem/TimKiem_DSTruyenTraVe_TenTruyenKhopTuKhoa FAILED.
Reason:
Assertion failed: 

assert wrongElements.size() == 0
       |             |      |
       |             1      false
       [[[CChromeDriver: chrome on WINDOWS (23b00ec11d63b22e8831bff3ee61b016)] -> xpath: /html/body/main/section/div/div[1]/div/div/div[3]/div[1]/article/div/h2]]

	at TimKiem_DSTruyenTraVe_TenTruyenKhopTuKhoa.run(TimKiem_DSTruyenTraVe_TenTruyenKhopTuKhoa:49)
	at com.kms.katalon.core.main.ScriptEngine.run(ScriptEngine.java:194)
	at com.kms.katalon.core.main.ScriptEngine.runScriptAsRawText(ScriptEngine.java:119)
	at com.kms.katalon.core.main.TestCaseExecutor.runScript(TestCaseExecutor.java:448)
	at com.kms.katalon.core.main.TestCaseExecutor.doExecute(TestCaseExecutor.java:439)
	at com.kms.katalon.core.main.TestCaseExecutor.processExecutionPhase(TestCaseExecutor.java:418)
	at com.kms.katalon.core.main.TestCaseExecutor.accessMainPhase(TestCaseExecutor.java:410)
	at com.kms.katalon.core.main.TestCaseExecutor.execute(TestCaseExecutor.java:285)
	at com.kms.katalon.core.common.CommonExecutor.accessTestCaseMainPhase(CommonExecutor.java:65)
	at com.kms.katalon.core.main.TestSuiteExecutor.accessTestSuiteMainPhase(TestSuiteExecutor.java:148)
	at com.kms.katalon.core.main.TestSuiteExecutor.execute(TestSuiteExecutor.java:106)
	at com.kms.katalon.core.main.TestCaseMain.startTestSuite(TestCaseMain.java:187)
	at com.kms.katalon.core.main.TestCaseMain$startTestSuite$0.call(Unknown Source)
	at TempTestSuite1705165140030.run(TempTestSuite1705165140030.groovy:36)


2024-01-14 02:00:05 - [MESSAGE][FAILED] - Test Cases/TimKiem/TimKiem_DSTruyenTraVe_TenTruyenKhopTuKhoa FAILED.
Reason:
Assertion failed: 

assert wrongElements.size() == 0
       |             |      |
       |             1      false
       [[[CChromeDriver: chrome on WINDOWS (23b00ec11d63b22e8831bff3ee61b016)] -> xpath: /html/body/main/section/div/div[1]/div/div/div[3]/div[1]/article/div/h2]]

	at TimKiem_DSTruyenTraVe_TenTruyenKhopTuKhoa.run(TimKiem_DSTruyenTraVe_TenTruyenKhopTuKhoa:49)
	at com.kms.katalon.core.main.ScriptEngine.run(ScriptEngine.java:194)
	at com.kms.katalon.core.main.ScriptEngine.runScriptAsRawText(ScriptEngine.java:119)
	at com.kms.katalon.core.main.TestCaseExecutor.runScript(TestCaseExecutor.java:448)
	at com.kms.katalon.core.main.TestCaseExecutor.doExecute(TestCaseExecutor.java:439)
	at com.kms.katalon.core.main.TestCaseExecutor.processExecutionPhase(TestCaseExecutor.java:418)
	at com.kms.katalon.core.main.TestCaseExecutor.accessMainPhase(TestCaseExecutor.java:410)
	at com.kms.katalon.core.main.TestCaseExecutor.execute(TestCaseExecutor.java:285)
	at com.kms.katalon.core.common.CommonExecutor.accessTestCaseMainPhase(CommonExecutor.java:65)
	at com.kms.katalon.core.main.TestSuiteExecutor.accessTestSuiteMainPhase(TestSuiteExecutor.java:148)
	at com.kms.katalon.core.main.TestSuiteExecutor.execute(TestSuiteExecutor.java:106)
	at com.kms.katalon.core.main.TestCaseMain.startTestSuite(TestCaseMain.java:187)
	at com.kms.katalon.core.main.TestCaseMain$startTestSuite$0.call(Unknown Source)
	at TempTestSuite1705165140030.run(TempTestSuite1705165140030.groovy:36)]]></system-out>
         <system-err><![CDATA[2024-01-14 01:59:54 - [TEST_CASE][FAILED] - Test Cases/TimKiem/TimKiem_DSTruyenTraVe_TenTruyenKhopTuKhoa: Test Cases/TimKiem/TimKiem_DSTruyenTraVe_TenTruyenKhopTuKhoa FAILED.
Reason:
Assertion failed: 

assert wrongElements.size() == 0
       |             |      |
       |             1      false
       [[[CChromeDriver: chrome on WINDOWS (23b00ec11d63b22e8831bff3ee61b016)] -> xpath: /html/body/main/section/div/div[1]/div/div/div[3]/div[1]/article/div/h2]]

	at TimKiem_DSTruyenTraVe_TenTruyenKhopTuKhoa.run(TimKiem_DSTruyenTraVe_TenTruyenKhopTuKhoa:49)
	at com.kms.katalon.core.main.ScriptEngine.run(ScriptEngine.java:194)
	at com.kms.katalon.core.main.ScriptEngine.runScriptAsRawText(ScriptEngine.java:119)
	at com.kms.katalon.core.main.TestCaseExecutor.runScript(TestCaseExecutor.java:448)
	at com.kms.katalon.core.main.TestCaseExecutor.doExecute(TestCaseExecutor.java:439)
	at com.kms.katalon.core.main.TestCaseExecutor.processExecutionPhase(TestCaseExecutor.java:418)
	at com.kms.katalon.core.main.TestCaseExecutor.accessMainPhase(TestCaseExecutor.java:410)
	at com.kms.katalon.core.main.TestCaseExecutor.execute(TestCaseExecutor.java:285)
	at com.kms.katalon.core.common.CommonExecutor.accessTestCaseMainPhase(CommonExecutor.java:65)
	at com.kms.katalon.core.main.TestSuiteExecutor.accessTestSuiteMainPhase(TestSuiteExecutor.java:148)
	at com.kms.katalon.core.main.TestSuiteExecutor.execute(TestSuiteExecutor.java:106)
	at com.kms.katalon.core.main.TestCaseMain.startTestSuite(TestCaseMain.java:187)
	at com.kms.katalon.core.main.TestCaseMain$startTestSuite$0.call(Unknown Source)
	at TempTestSuite1705165140030.run(TempTestSuite1705165140030.groovy:36)]]></system-err>
      </testcase>
      <testcase name="Test Cases/TimKiem/TimKiem_DSTruyenTraVe_TenTruyenKhopTuKhoa" time="10.925" classname="Test Cases/TimKiem/TimKiem_DSTruyenTraVe_TenTruyenKhopTuKhoa" status="FAILED">
         <failure type="FAILED" message="Test Cases/TimKiem/TimKiem_DSTruyenTraVe_TenTruyenKhopTuKhoa FAILED.
Reason:
Assertion failed: 

assert wrongElements.size() == 0
       |             |      |
       |             2      false
       [[[CChromeDriver: chrome on WINDOWS (7e29e030987034d05e112e26d59b883d)] -> xpath: /html/body/main/section/div/div[1]/div/div/div[3]/div[1]/article/div/h2], [[CChromeDriver: chrome on WINDOWS (7e29e030987034d05e112e26d59b883d)] -> xpath: /html/body/main/section/div/div[1]/div/div/div[3]/div[1]/article/div/h2]]

	at TimKiem_DSTruyenTraVe_TenTruyenKhopTuKhoa.run(TimKiem_DSTruyenTraVe_TenTruyenKhopTuKhoa:49)
	at com.kms.katalon.core.main.ScriptEngine.run(ScriptEngine.java:194)
	at com.kms.katalon.core.main.ScriptEngine.runScriptAsRawText(ScriptEngine.java:119)
	at com.kms.katalon.core.main.TestCaseExecutor.runScript(TestCaseExecutor.java:448)
	at com.kms.katalon.core.main.TestCaseExecutor.doExecute(TestCaseExecutor.java:439)
	at com.kms.katalon.core.main.TestCaseExecutor.processExecutionPhase(TestCaseExecutor.java:418)
	at com.kms.katalon.core.main.TestCaseExecutor.accessMainPhase(TestCaseExecutor.java:410)
	at com.kms.katalon.core.main.TestCaseExecutor.execute(TestCaseExecutor.java:285)
	at com.kms.katalon.core.common.CommonExecutor.accessTestCaseMainPhase(CommonExecutor.java:65)
	at com.kms.katalon.core.main.TestSuiteExecutor.accessTestSuiteMainPhase(TestSuiteExecutor.java:148)
	at com.kms.katalon.core.main.TestSuiteExecutor.execute(TestSuiteExecutor.java:106)
	at com.kms.katalon.core.main.TestCaseMain.startTestSuite(TestCaseMain.java:187)
	at com.kms.katalon.core.main.TestCaseMain$startTestSuite$0.call(Unknown Source)
	at TempTestSuite1705165140030.run(TempTestSuite1705165140030.groovy:36)
"/>
         <system-out><![CDATA[2024-01-14 02:00:05 - [TEST_CASE][FAILED] - Test Cases/TimKiem/TimKiem_DSTruyenTraVe_TenTruyenKhopTuKhoa: Test Cases/TimKiem/TimKiem_DSTruyenTraVe_TenTruyenKhopTuKhoa FAILED.
Reason:
Assertion failed: 

assert wrongElements.size() == 0
       |             |      |
       |             2      false
       [[[CChromeDriver: chrome on WINDOWS (7e29e030987034d05e112e26d59b883d)] -> xpath: /html/body/main/section/div/div[1]/div/div/div[3]/div[1]/article/div/h2], [[CChromeDriver: chrome on WINDOWS (7e29e030987034d05e112e26d59b883d)] -> xpath: /html/body/main/section/div/div[1]/div/div/div[3]/div[1]/article/div/h2]]

	at TimKiem_DSTruyenTraVe_TenTruyenKhopTuKhoa.run(TimKiem_DSTruyenTraVe_TenTruyenKhopTuKhoa:49)
	at com.kms.katalon.core.main.ScriptEngine.run(ScriptEngine.java:194)
	at com.kms.katalon.core.main.ScriptEngine.runScriptAsRawText(ScriptEngine.java:119)
	at com.kms.katalon.core.main.TestCaseExecutor.runScript(TestCaseExecutor.java:448)
	at com.kms.katalon.core.main.TestCaseExecutor.doExecute(TestCaseExecutor.java:439)
	at com.kms.katalon.core.main.TestCaseExecutor.processExecutionPhase(TestCaseExecutor.java:418)
	at com.kms.katalon.core.main.TestCaseExecutor.accessMainPhase(TestCaseExecutor.java:410)
	at com.kms.katalon.core.main.TestCaseExecutor.execute(TestCaseExecutor.java:285)
	at com.kms.katalon.core.common.CommonExecutor.accessTestCaseMainPhase(CommonExecutor.java:65)
	at com.kms.katalon.core.main.TestSuiteExecutor.accessTestSuiteMainPhase(TestSuiteExecutor.java:148)
	at com.kms.katalon.core.main.TestSuiteExecutor.execute(TestSuiteExecutor.java:106)
	at com.kms.katalon.core.main.TestCaseMain.startTestSuite(TestCaseMain.java:187)
	at com.kms.katalon.core.main.TestCaseMain$startTestSuite$0.call(Unknown Source)
	at TempTestSuite1705165140030.run(TempTestSuite1705165140030.groovy:36)


2024-01-14 02:00:05 - [TEST_STEP][PASSED] - openBrowser(""): Browser is opened with url: ''

2024-01-14 02:00:05 - [MESSAGE][WARNING] - A browser is already opened. Closing browser and opening a new one

2024-01-14 02:00:06 - [MESSAGE][INFO] - Starting 'Chrome' driver

2024-01-14 02:00:06 - [MESSAGE][INFO] - Action delay is set to 0 milliseconds

2024-01-14 02:00:07 - [MESSAGE][PASSED] - Browser is opened with url: ''

2024-01-14 02:00:07 - [TEST_STEP][PASSED] - navigateToUrl("https://truyenteen.me/"): Navigate to 'https://truyenteen.me/' successfully

2024-01-14 02:00:12 - [MESSAGE][PASSED] - Navigate to 'https://truyenteen.me/' successfully

2024-01-14 02:00:12 - [TEST_STEP][PASSED] - waitForElementPresent(findTestObject("Page_TrangChu/button_TurnAdOff"), 10): Object 'Object Repository/Page_TrangChu/button_TurnAdOff' is present

2024-01-14 02:00:12 - [MESSAGE][PASSED] - Object 'Object Repository/Page_TrangChu/button_TurnAdOff' is present

2024-01-14 02:00:12 - [TEST_STEP][PASSED] - click(findTestObject("Object Repository/Page_TrangChu/button_TurnAdOff")): Object: 'Object Repository/Page_TrangChu/button_TurnAdOff' is clicked on

2024-01-14 02:00:13 - [MESSAGE][PASSED] - Object: 'Object Repository/Page_TrangChu/button_TurnAdOff' is clicked on

2024-01-14 02:00:13 - [TEST_STEP][PASSED] - setText(findTestObject("Object Repository/Page_TimKiem/input_search"), keyword): Text 'đậu' is set on object 'Object Repository/Page_TimKiem/input_search'

2024-01-14 02:00:14 - [MESSAGE][PASSED] - Text 'đậu' is set on object 'Object Repository/Page_TimKiem/input_search'

2024-01-14 02:00:14 - [TEST_STEP][PASSED] - sendKeys(findTestObject("Object Repository/Page_TimKiem/input_search"), Keys.chord(ENTER)): Keys 'ENTER + ' sent to object: 'Object Repository/Page_TimKiem/input_search'

2024-01-14 02:00:15 - [MESSAGE][PASSED] - Keys 'ENTER + ' sent to object: 'Object Repository/Page_TimKiem/input_search'

2024-01-14 02:00:15 - [TEST_STEP][PASSED] - currentUrl = getUrl(): Current window's url is: 'https://truyenteen.me/kq-tim-kiem?search=%C4%91%E1%BA%ADu'

2024-01-14 02:00:15 - [MESSAGE][PASSED] - Current window's url is: 'https://truyenteen.me/kq-tim-kiem?search=%C4%91%E1%BA%ADu'

2024-01-14 02:00:15 - [TEST_STEP][PASSED] - if (currentUrl == url_main): null

2024-01-14 02:00:15 - [TEST_STEP][FAILED] - else: Test Cases/TimKiem/TimKiem_DSTruyenTraVe_TenTruyenKhopTuKhoa FAILED.
Reason:
Assertion failed: 

assert wrongElements.size() == 0
       |             |      |
       |             2      false
       [[[CChromeDriver: chrome on WINDOWS (7e29e030987034d05e112e26d59b883d)] -> xpath: /html/body/main/section/div/div[1]/div/div/div[3]/div[1]/article/div/h2], [[CChromeDriver: chrome on WINDOWS (7e29e030987034d05e112e26d59b883d)] -> xpath: /html/body/main/section/div/div[1]/div/div/div[3]/div[1]/article/div/h2]]

	at TimKiem_DSTruyenTraVe_TenTruyenKhopTuKhoa.run(TimKiem_DSTruyenTraVe_TenTruyenKhopTuKhoa:49)
	at com.kms.katalon.core.main.ScriptEngine.run(ScriptEngine.java:194)
	at com.kms.katalon.core.main.ScriptEngine.runScriptAsRawText(ScriptEngine.java:119)
	at com.kms.katalon.core.main.TestCaseExecutor.runScript(TestCaseExecutor.java:448)
	at com.kms.katalon.core.main.TestCaseExecutor.doExecute(TestCaseExecutor.java:439)
	at com.kms.katalon.core.main.TestCaseExecutor.processExecutionPhase(TestCaseExecutor.java:418)
	at com.kms.katalon.core.main.TestCaseExecutor.accessMainPhase(TestCaseExecutor.java:410)
	at com.kms.katalon.core.main.TestCaseExecutor.execute(TestCaseExecutor.java:285)
	at com.kms.katalon.core.common.CommonExecutor.accessTestCaseMainPhase(CommonExecutor.java:65)
	at com.kms.katalon.core.main.TestSuiteExecutor.accessTestSuiteMainPhase(TestSuiteExecutor.java:148)
	at com.kms.katalon.core.main.TestSuiteExecutor.execute(TestSuiteExecutor.java:106)
	at com.kms.katalon.core.main.TestCaseMain.startTestSuite(TestCaseMain.java:187)
	at com.kms.katalon.core.main.TestCaseMain$startTestSuite$0.call(Unknown Source)
	at TempTestSuite1705165140030.run(TempTestSuite1705165140030.groovy:36)


2024-01-14 02:00:15 - [TEST_STEP][PASSED] - linkNameObject = findTestObject("Object Repository/Page_TimKiem/link_TenTruyen"): null

2024-01-14 02:00:15 - [TEST_STEP][PASSED] - elements = findWebElements(linkNameObject, 10): null

2024-01-14 02:00:16 - [TEST_STEP][PASSED] - wrongElements = elements.findAll({ java.lang.Object i -> ... }): null

2024-01-14 02:00:16 - [TEST_STEP][PASSED] - comment("Kết quả mong đợi là"): Kết quả mong đợi là

2024-01-14 02:00:16 - [MESSAGE][INFO] - Kết quả mong đợi là

2024-01-14 02:00:16 - [TEST_STEP][FAILED] - assert wrongElements.size() == 0: Test Cases/TimKiem/TimKiem_DSTruyenTraVe_TenTruyenKhopTuKhoa FAILED.
Reason:
Assertion failed: 

assert wrongElements.size() == 0
       |             |      |
       |             2      false
       [[[CChromeDriver: chrome on WINDOWS (7e29e030987034d05e112e26d59b883d)] -> xpath: /html/body/main/section/div/div[1]/div/div/div[3]/div[1]/article/div/h2], [[CChromeDriver: chrome on WINDOWS (7e29e030987034d05e112e26d59b883d)] -> xpath: /html/body/main/section/div/div[1]/div/div/div[3]/div[1]/article/div/h2]]

	at TimKiem_DSTruyenTraVe_TenTruyenKhopTuKhoa.run(TimKiem_DSTruyenTraVe_TenTruyenKhopTuKhoa:49)
	at com.kms.katalon.core.main.ScriptEngine.run(ScriptEngine.java:194)
	at com.kms.katalon.core.main.ScriptEngine.runScriptAsRawText(ScriptEngine.java:119)
	at com.kms.katalon.core.main.TestCaseExecutor.runScript(TestCaseExecutor.java:448)
	at com.kms.katalon.core.main.TestCaseExecutor.doExecute(TestCaseExecutor.java:439)
	at com.kms.katalon.core.main.TestCaseExecutor.processExecutionPhase(TestCaseExecutor.java:418)
	at com.kms.katalon.core.main.TestCaseExecutor.accessMainPhase(TestCaseExecutor.java:410)
	at com.kms.katalon.core.main.TestCaseExecutor.execute(TestCaseExecutor.java:285)
	at com.kms.katalon.core.common.CommonExecutor.accessTestCaseMainPhase(CommonExecutor.java:65)
	at com.kms.katalon.core.main.TestSuiteExecutor.accessTestSuiteMainPhase(TestSuiteExecutor.java:148)
	at com.kms.katalon.core.main.TestSuiteExecutor.execute(TestSuiteExecutor.java:106)
	at com.kms.katalon.core.main.TestCaseMain.startTestSuite(TestCaseMain.java:187)
	at com.kms.katalon.core.main.TestCaseMain$startTestSuite$0.call(Unknown Source)
	at TempTestSuite1705165140030.run(TempTestSuite1705165140030.groovy:36)


2024-01-14 02:00:16 - [MESSAGE][FAILED] - Test Cases/TimKiem/TimKiem_DSTruyenTraVe_TenTruyenKhopTuKhoa FAILED.
Reason:
Assertion failed: 

assert wrongElements.size() == 0
       |             |      |
       |             2      false
       [[[CChromeDriver: chrome on WINDOWS (7e29e030987034d05e112e26d59b883d)] -> xpath: /html/body/main/section/div/div[1]/div/div/div[3]/div[1]/article/div/h2], [[CChromeDriver: chrome on WINDOWS (7e29e030987034d05e112e26d59b883d)] -> xpath: /html/body/main/section/div/div[1]/div/div/div[3]/div[1]/article/div/h2]]

	at TimKiem_DSTruyenTraVe_TenTruyenKhopTuKhoa.run(TimKiem_DSTruyenTraVe_TenTruyenKhopTuKhoa:49)
	at com.kms.katalon.core.main.ScriptEngine.run(ScriptEngine.java:194)
	at com.kms.katalon.core.main.ScriptEngine.runScriptAsRawText(ScriptEngine.java:119)
	at com.kms.katalon.core.main.TestCaseExecutor.runScript(TestCaseExecutor.java:448)
	at com.kms.katalon.core.main.TestCaseExecutor.doExecute(TestCaseExecutor.java:439)
	at com.kms.katalon.core.main.TestCaseExecutor.processExecutionPhase(TestCaseExecutor.java:418)
	at com.kms.katalon.core.main.TestCaseExecutor.accessMainPhase(TestCaseExecutor.java:410)
	at com.kms.katalon.core.main.TestCaseExecutor.execute(TestCaseExecutor.java:285)
	at com.kms.katalon.core.common.CommonExecutor.accessTestCaseMainPhase(CommonExecutor.java:65)
	at com.kms.katalon.core.main.TestSuiteExecutor.accessTestSuiteMainPhase(TestSuiteExecutor.java:148)
	at com.kms.katalon.core.main.TestSuiteExecutor.execute(TestSuiteExecutor.java:106)
	at com.kms.katalon.core.main.TestCaseMain.startTestSuite(TestCaseMain.java:187)
	at com.kms.katalon.core.main.TestCaseMain$startTestSuite$0.call(Unknown Source)
	at TempTestSuite1705165140030.run(TempTestSuite1705165140030.groovy:36)]]></system-out>
         <system-err><![CDATA[2024-01-14 02:00:05 - [TEST_CASE][FAILED] - Test Cases/TimKiem/TimKiem_DSTruyenTraVe_TenTruyenKhopTuKhoa: Test Cases/TimKiem/TimKiem_DSTruyenTraVe_TenTruyenKhopTuKhoa FAILED.
Reason:
Assertion failed: 

assert wrongElements.size() == 0
       |             |      |
       |             2      false
       [[[CChromeDriver: chrome on WINDOWS (7e29e030987034d05e112e26d59b883d)] -> xpath: /html/body/main/section/div/div[1]/div/div/div[3]/div[1]/article/div/h2], [[CChromeDriver: chrome on WINDOWS (7e29e030987034d05e112e26d59b883d)] -> xpath: /html/body/main/section/div/div[1]/div/div/div[3]/div[1]/article/div/h2]]

	at TimKiem_DSTruyenTraVe_TenTruyenKhopTuKhoa.run(TimKiem_DSTruyenTraVe_TenTruyenKhopTuKhoa:49)
	at com.kms.katalon.core.main.ScriptEngine.run(ScriptEngine.java:194)
	at com.kms.katalon.core.main.ScriptEngine.runScriptAsRawText(ScriptEngine.java:119)
	at com.kms.katalon.core.main.TestCaseExecutor.runScript(TestCaseExecutor.java:448)
	at com.kms.katalon.core.main.TestCaseExecutor.doExecute(TestCaseExecutor.java:439)
	at com.kms.katalon.core.main.TestCaseExecutor.processExecutionPhase(TestCaseExecutor.java:418)
	at com.kms.katalon.core.main.TestCaseExecutor.accessMainPhase(TestCaseExecutor.java:410)
	at com.kms.katalon.core.main.TestCaseExecutor.execute(TestCaseExecutor.java:285)
	at com.kms.katalon.core.common.CommonExecutor.accessTestCaseMainPhase(CommonExecutor.java:65)
	at com.kms.katalon.core.main.TestSuiteExecutor.accessTestSuiteMainPhase(TestSuiteExecutor.java:148)
	at com.kms.katalon.core.main.TestSuiteExecutor.execute(TestSuiteExecutor.java:106)
	at com.kms.katalon.core.main.TestCaseMain.startTestSuite(TestCaseMain.java:187)
	at com.kms.katalon.core.main.TestCaseMain$startTestSuite$0.call(Unknown Source)
	at TempTestSuite1705165140030.run(TempTestSuite1705165140030.groovy:36)]]></system-err>
      </testcase>
      <testcase name="Test Cases/TimKiem/TimKiem_DSTruyenTraVe_TenTruyenKhopTuKhoa" time="23.066" classname="Test Cases/TimKiem/TimKiem_DSTruyenTraVe_TenTruyenKhopTuKhoa" status="PASSED">
         <system-out><![CDATA[2024-01-14 02:00:16 - [TEST_CASE][PASSED] - Test Cases/TimKiem/TimKiem_DSTruyenTraVe_TenTruyenKhopTuKhoa: Test Cases/TimKiem/TimKiem_DSTruyenTraVe_TenTruyenKhopTuKhoa

2024-01-14 02:00:16 - [TEST_STEP][PASSED] - openBrowser(""): Browser is opened with url: ''

2024-01-14 02:00:16 - [MESSAGE][WARNING] - A browser is already opened. Closing browser and opening a new one

2024-01-14 02:00:17 - [MESSAGE][INFO] - Starting 'Chrome' driver

2024-01-14 02:00:17 - [MESSAGE][INFO] - Action delay is set to 0 milliseconds

2024-01-14 02:00:18 - [MESSAGE][PASSED] - Browser is opened with url: ''

2024-01-14 02:00:18 - [TEST_STEP][PASSED] - navigateToUrl("https://truyenteen.me/"): Navigate to 'https://truyenteen.me/' successfully

2024-01-14 02:00:23 - [MESSAGE][PASSED] - Navigate to 'https://truyenteen.me/' successfully

2024-01-14 02:00:23 - [TEST_STEP][PASSED] - waitForElementPresent(findTestObject("Page_TrangChu/button_TurnAdOff"), 10): Object 'Object Repository/Page_TrangChu/button_TurnAdOff' is present

2024-01-14 02:00:24 - [MESSAGE][PASSED] - Object 'Object Repository/Page_TrangChu/button_TurnAdOff' is present

2024-01-14 02:00:24 - [TEST_STEP][PASSED] - click(findTestObject("Object Repository/Page_TrangChu/button_TurnAdOff")): Object: 'Object Repository/Page_TrangChu/button_TurnAdOff' is clicked on

2024-01-14 02:00:24 - [MESSAGE][PASSED] - Object: 'Object Repository/Page_TrangChu/button_TurnAdOff' is clicked on

2024-01-14 02:00:24 - [TEST_STEP][PASSED] - setText(findTestObject("Object Repository/Page_TimKiem/input_search"), keyword): Text '1' is set on object 'Object Repository/Page_TimKiem/input_search'

2024-01-14 02:00:26 - [MESSAGE][PASSED] - Text '1' is set on object 'Object Repository/Page_TimKiem/input_search'

2024-01-14 02:00:26 - [TEST_STEP][PASSED] - sendKeys(findTestObject("Object Repository/Page_TimKiem/input_search"), Keys.chord(ENTER)): Keys 'ENTER + ' sent to object: 'Object Repository/Page_TimKiem/input_search'

2024-01-14 02:00:27 - [MESSAGE][PASSED] - Keys 'ENTER + ' sent to object: 'Object Repository/Page_TimKiem/input_search'

2024-01-14 02:00:27 - [TEST_STEP][PASSED] - currentUrl = getUrl(): Current window's url is: 'https://truyenteen.me/kq-tim-kiem?search=1'

2024-01-14 02:00:27 - [MESSAGE][PASSED] - Current window's url is: 'https://truyenteen.me/kq-tim-kiem?search=1'

2024-01-14 02:00:27 - [TEST_STEP][PASSED] - if (currentUrl == url_main): null

2024-01-14 02:00:27 - [TEST_STEP][PASSED] - else: null

2024-01-14 02:00:27 - [TEST_STEP][PASSED] - linkNameObject = findTestObject("Object Repository/Page_TimKiem/link_TenTruyen"): null

2024-01-14 02:00:27 - [TEST_STEP][PASSED] - elements = findWebElements(linkNameObject, 10): Unable to find the element located by 'By.xpath: /html/body/main/section/div/div[1]/div/div/div[3]/div[1]/article/div/h2'. Please recheck the objects properties to make sure the desired element is located. 

2024-01-14 02:00:38 - [MESSAGE][INFO] - Unable to find the element located by 'By.xpath: /html/body/main/section/div/div[1]/div/div/div[3]/div[1]/article/div/h2'. Please recheck the objects properties to make sure the desired element is located. 

2024-01-14 02:00:38 - [TEST_STEP][PASSED] - wrongElements = elements.findAll({ java.lang.Object i -> ... }): null

2024-01-14 02:00:38 - [TEST_STEP][PASSED] - comment("Kết quả mong đợi là"): Kết quả mong đợi là

2024-01-14 02:00:38 - [MESSAGE][INFO] - Kết quả mong đợi là

2024-01-14 02:00:38 - [TEST_STEP][PASSED] - assert wrongElements.size() == 0: null

2024-01-14 02:00:38 - [TEST_STEP][PASSED] - closeBrowser(): Browser is closed

2024-01-14 02:00:39 - [MESSAGE][PASSED] - Browser is closed]]></system-out>
         <system-err><![CDATA[]]></system-err>
      </testcase>
      <testcase name="Test Cases/TimKiem/TimKiem_DSTruyenTraVe_TenTruyenKhopTuKhoa" time="10.967" classname="Test Cases/TimKiem/TimKiem_DSTruyenTraVe_TenTruyenKhopTuKhoa" status="PASSED">
         <system-out><![CDATA[2024-01-14 02:00:39 - [TEST_CASE][PASSED] - Test Cases/TimKiem/TimKiem_DSTruyenTraVe_TenTruyenKhopTuKhoa: Test Cases/TimKiem/TimKiem_DSTruyenTraVe_TenTruyenKhopTuKhoa

2024-01-14 02:00:39 - [TEST_STEP][PASSED] - openBrowser(""): Browser is opened with url: ''

2024-01-14 02:00:39 - [MESSAGE][INFO] - Starting 'Chrome' driver

2024-01-14 02:00:39 - [MESSAGE][INFO] - Action delay is set to 0 milliseconds

2024-01-14 02:00:41 - [MESSAGE][PASSED] - Browser is opened with url: ''

2024-01-14 02:00:41 - [TEST_STEP][PASSED] - navigateToUrl("https://truyenteen.me/"): Navigate to 'https://truyenteen.me/' successfully

2024-01-14 02:00:45 - [MESSAGE][PASSED] - Navigate to 'https://truyenteen.me/' successfully

2024-01-14 02:00:45 - [TEST_STEP][PASSED] - waitForElementPresent(findTestObject("Page_TrangChu/button_TurnAdOff"), 10): Object 'Object Repository/Page_TrangChu/button_TurnAdOff' is present

2024-01-14 02:00:46 - [MESSAGE][PASSED] - Object 'Object Repository/Page_TrangChu/button_TurnAdOff' is present

2024-01-14 02:00:46 - [TEST_STEP][PASSED] - click(findTestObject("Object Repository/Page_TrangChu/button_TurnAdOff")): Object: 'Object Repository/Page_TrangChu/button_TurnAdOff' is clicked on

2024-01-14 02:00:46 - [MESSAGE][PASSED] - Object: 'Object Repository/Page_TrangChu/button_TurnAdOff' is clicked on

2024-01-14 02:00:46 - [TEST_STEP][PASSED] - setText(findTestObject("Object Repository/Page_TimKiem/input_search"), keyword): Text ':' is set on object 'Object Repository/Page_TimKiem/input_search'

2024-01-14 02:00:47 - [MESSAGE][PASSED] - Text ':' is set on object 'Object Repository/Page_TimKiem/input_search'

2024-01-14 02:00:47 - [TEST_STEP][PASSED] - sendKeys(findTestObject("Object Repository/Page_TimKiem/input_search"), Keys.chord(ENTER)): Keys 'ENTER + ' sent to object: 'Object Repository/Page_TimKiem/input_search'

2024-01-14 02:00:48 - [MESSAGE][PASSED] - Keys 'ENTER + ' sent to object: 'Object Repository/Page_TimKiem/input_search'

2024-01-14 02:00:48 - [TEST_STEP][PASSED] - currentUrl = getUrl(): Current window's url is: 'https://truyenteen.me/kq-tim-kiem?search=%3A'

2024-01-14 02:00:48 - [MESSAGE][PASSED] - Current window's url is: 'https://truyenteen.me/kq-tim-kiem?search=%3A'

2024-01-14 02:00:48 - [TEST_STEP][PASSED] - if (currentUrl == url_main): null

2024-01-14 02:00:48 - [TEST_STEP][PASSED] - else: null

2024-01-14 02:00:48 - [TEST_STEP][PASSED] - linkNameObject = findTestObject("Object Repository/Page_TimKiem/link_TenTruyen"): null

2024-01-14 02:00:49 - [TEST_STEP][PASSED] - elements = findWebElements(linkNameObject, 10): null

2024-01-14 02:00:49 - [TEST_STEP][PASSED] - wrongElements = elements.findAll({ java.lang.Object i -> ... }): null

2024-01-14 02:00:49 - [TEST_STEP][PASSED] - comment("Kết quả mong đợi là"): Kết quả mong đợi là

2024-01-14 02:00:49 - [MESSAGE][INFO] - Kết quả mong đợi là

2024-01-14 02:00:49 - [TEST_STEP][PASSED] - assert wrongElements.size() == 0: null

2024-01-14 02:00:49 - [TEST_STEP][PASSED] - closeBrowser(): Browser is closed

2024-01-14 02:00:50 - [MESSAGE][PASSED] - Browser is closed]]></system-out>
         <system-err><![CDATA[]]></system-err>
      </testcase>
      <testcase name="Test Cases/TimKiem/TimKiem_DSTruyenTraVe_TenTruyenKhopTuKhoa" time="21.266" classname="Test Cases/TimKiem/TimKiem_DSTruyenTraVe_TenTruyenKhopTuKhoa" status="PASSED">
         <system-out><![CDATA[2024-01-14 02:00:50 - [TEST_CASE][PASSED] - Test Cases/TimKiem/TimKiem_DSTruyenTraVe_TenTruyenKhopTuKhoa: Test Cases/TimKiem/TimKiem_DSTruyenTraVe_TenTruyenKhopTuKhoa

2024-01-14 02:00:50 - [TEST_STEP][PASSED] - openBrowser(""): Browser is opened with url: ''

2024-01-14 02:00:50 - [MESSAGE][INFO] - Starting 'Chrome' driver

2024-01-14 02:00:50 - [MESSAGE][INFO] - Action delay is set to 0 milliseconds

2024-01-14 02:00:52 - [MESSAGE][PASSED] - Browser is opened with url: ''

2024-01-14 02:00:52 - [TEST_STEP][PASSED] - navigateToUrl("https://truyenteen.me/"): Navigate to 'https://truyenteen.me/' successfully

2024-01-14 02:00:55 - [MESSAGE][PASSED] - Navigate to 'https://truyenteen.me/' successfully

2024-01-14 02:00:55 - [TEST_STEP][PASSED] - waitForElementPresent(findTestObject("Page_TrangChu/button_TurnAdOff"), 10): Object 'Object Repository/Page_TrangChu/button_TurnAdOff' is present

2024-01-14 02:00:56 - [MESSAGE][PASSED] - Object 'Object Repository/Page_TrangChu/button_TurnAdOff' is present

2024-01-14 02:00:56 - [TEST_STEP][PASSED] - click(findTestObject("Object Repository/Page_TrangChu/button_TurnAdOff")): Object: 'Object Repository/Page_TrangChu/button_TurnAdOff' is clicked on

2024-01-14 02:00:57 - [MESSAGE][PASSED] - Object: 'Object Repository/Page_TrangChu/button_TurnAdOff' is clicked on

2024-01-14 02:00:57 - [TEST_STEP][PASSED] - setText(findTestObject("Object Repository/Page_TimKiem/input_search"), keyword): Text '&' is set on object 'Object Repository/Page_TimKiem/input_search'

2024-01-14 02:00:58 - [MESSAGE][PASSED] - Text '&' is set on object 'Object Repository/Page_TimKiem/input_search'

2024-01-14 02:00:58 - [TEST_STEP][PASSED] - sendKeys(findTestObject("Object Repository/Page_TimKiem/input_search"), Keys.chord(ENTER)): Keys 'ENTER + ' sent to object: 'Object Repository/Page_TimKiem/input_search'

2024-01-14 02:00:59 - [MESSAGE][PASSED] - Keys 'ENTER + ' sent to object: 'Object Repository/Page_TimKiem/input_search'

2024-01-14 02:00:59 - [TEST_STEP][PASSED] - currentUrl = getUrl(): Current window's url is: 'https://truyenteen.me/kq-tim-kiem?search=%26'

2024-01-14 02:00:59 - [MESSAGE][PASSED] - Current window's url is: 'https://truyenteen.me/kq-tim-kiem?search=%26'

2024-01-14 02:00:59 - [TEST_STEP][PASSED] - if (currentUrl == url_main): null

2024-01-14 02:00:59 - [TEST_STEP][PASSED] - else: null

2024-01-14 02:00:59 - [TEST_STEP][PASSED] - linkNameObject = findTestObject("Object Repository/Page_TimKiem/link_TenTruyen"): null

2024-01-14 02:00:59 - [TEST_STEP][PASSED] - elements = findWebElements(linkNameObject, 10): Unable to find the element located by 'By.xpath: /html/body/main/section/div/div[1]/div/div/div[3]/div[1]/article/div/h2'. Please recheck the objects properties to make sure the desired element is located. 

2024-01-14 02:01:10 - [MESSAGE][INFO] - Unable to find the element located by 'By.xpath: /html/body/main/section/div/div[1]/div/div/div[3]/div[1]/article/div/h2'. Please recheck the objects properties to make sure the desired element is located. 

2024-01-14 02:01:10 - [TEST_STEP][PASSED] - wrongElements = elements.findAll({ java.lang.Object i -> ... }): null

2024-01-14 02:01:10 - [TEST_STEP][PASSED] - comment("Kết quả mong đợi là"): Kết quả mong đợi là

2024-01-14 02:01:10 - [MESSAGE][INFO] - Kết quả mong đợi là

2024-01-14 02:01:10 - [TEST_STEP][PASSED] - assert wrongElements.size() == 0: null

2024-01-14 02:01:10 - [TEST_STEP][PASSED] - closeBrowser(): Browser is closed

2024-01-14 02:01:11 - [MESSAGE][PASSED] - Browser is closed]]></system-out>
         <system-err><![CDATA[]]></system-err>
      </testcase>
      <testcase name="Test Cases/TimKiem/TimKiem_DSTruyenTraVe_TenTruyenKhopTuKhoa" time="10.895" classname="Test Cases/TimKiem/TimKiem_DSTruyenTraVe_TenTruyenKhopTuKhoa" status="FAILED">
         <failure type="FAILED" message="Test Cases/TimKiem/TimKiem_DSTruyenTraVe_TenTruyenKhopTuKhoa FAILED.
Reason:
Assertion failed: 

assert wrongElements.size() == 0
       |             |      |
       |             5      false
       [[[CChromeDriver: chrome on WINDOWS (5fbbf60fefc4c456b7bc94b0ca6bbf21)] -> xpath: /html/body/main/section/div/div[1]/div/div/div[3]/div[1]/article/div/h2], [[CChromeDriver: chrome on WINDOWS (5fbbf60fefc4c456b7bc94b0ca6bbf21)] -> xpath: /html/body/main/section/div/div[1]/div/div/div[3]/div[1]/article/div/h2], [[CChromeDriver: chrome on WINDOWS (5fbbf60fefc4c456b7bc94b0ca6bbf21)] -> xpath: /html/body/main/section/div/div[1]/div/div/div[3]/div[1]/article/div/h2], [[CChromeDriver: chrome on WINDOWS (5fbbf60fefc4c456b7bc94b0ca6bbf21)] -> xpath: /html/body/main/section/div/div[1]/div/div/div[3]/div[1]/article/div/h2], [[CChromeDriver: chrome on WINDOWS (5fbbf60fefc4c456b7bc94b0ca6bbf21)] -> xpath: /html/body/main/section/div/div[1]/div/div/div[3]/div[1]/article/div/h2]]

	at TimKiem_DSTruyenTraVe_TenTruyenKhopTuKhoa.run(TimKiem_DSTruyenTraVe_TenTruyenKhopTuKhoa:49)
	at com.kms.katalon.core.main.ScriptEngine.run(ScriptEngine.java:194)
	at com.kms.katalon.core.main.ScriptEngine.runScriptAsRawText(ScriptEngine.java:119)
	at com.kms.katalon.core.main.TestCaseExecutor.runScript(TestCaseExecutor.java:448)
	at com.kms.katalon.core.main.TestCaseExecutor.doExecute(TestCaseExecutor.java:439)
	at com.kms.katalon.core.main.TestCaseExecutor.processExecutionPhase(TestCaseExecutor.java:418)
	at com.kms.katalon.core.main.TestCaseExecutor.accessMainPhase(TestCaseExecutor.java:410)
	at com.kms.katalon.core.main.TestCaseExecutor.execute(TestCaseExecutor.java:285)
	at com.kms.katalon.core.common.CommonExecutor.accessTestCaseMainPhase(CommonExecutor.java:65)
	at com.kms.katalon.core.main.TestSuiteExecutor.accessTestSuiteMainPhase(TestSuiteExecutor.java:148)
	at com.kms.katalon.core.main.TestSuiteExecutor.execute(TestSuiteExecutor.java:106)
	at com.kms.katalon.core.main.TestCaseMain.startTestSuite(TestCaseMain.java:187)
	at com.kms.katalon.core.main.TestCaseMain$startTestSuite$0.call(Unknown Source)
	at TempTestSuite1705165140030.run(TempTestSuite1705165140030.groovy:36)
"/>
         <system-out><![CDATA[2024-01-14 02:01:11 - [TEST_CASE][FAILED] - Test Cases/TimKiem/TimKiem_DSTruyenTraVe_TenTruyenKhopTuKhoa: Test Cases/TimKiem/TimKiem_DSTruyenTraVe_TenTruyenKhopTuKhoa FAILED.
Reason:
Assertion failed: 

assert wrongElements.size() == 0
       |             |      |
       |             5      false
       [[[CChromeDriver: chrome on WINDOWS (5fbbf60fefc4c456b7bc94b0ca6bbf21)] -> xpath: /html/body/main/section/div/div[1]/div/div/div[3]/div[1]/article/div/h2], [[CChromeDriver: chrome on WINDOWS (5fbbf60fefc4c456b7bc94b0ca6bbf21)] -> xpath: /html/body/main/section/div/div[1]/div/div/div[3]/div[1]/article/div/h2], [[CChromeDriver: chrome on WINDOWS (5fbbf60fefc4c456b7bc94b0ca6bbf21)] -> xpath: /html/body/main/section/div/div[1]/div/div/div[3]/div[1]/article/div/h2], [[CChromeDriver: chrome on WINDOWS (5fbbf60fefc4c456b7bc94b0ca6bbf21)] -> xpath: /html/body/main/section/div/div[1]/div/div/div[3]/div[1]/article/div/h2], [[CChromeDriver: chrome on WINDOWS (5fbbf60fefc4c456b7bc94b0ca6bbf21)] -> xpath: /html/body/main/section/div/div[1]/div/div/div[3]/div[1]/article/div/h2]]

	at TimKiem_DSTruyenTraVe_TenTruyenKhopTuKhoa.run(TimKiem_DSTruyenTraVe_TenTruyenKhopTuKhoa:49)
	at com.kms.katalon.core.main.ScriptEngine.run(ScriptEngine.java:194)
	at com.kms.katalon.core.main.ScriptEngine.runScriptAsRawText(ScriptEngine.java:119)
	at com.kms.katalon.core.main.TestCaseExecutor.runScript(TestCaseExecutor.java:448)
	at com.kms.katalon.core.main.TestCaseExecutor.doExecute(TestCaseExecutor.java:439)
	at com.kms.katalon.core.main.TestCaseExecutor.processExecutionPhase(TestCaseExecutor.java:418)
	at com.kms.katalon.core.main.TestCaseExecutor.accessMainPhase(TestCaseExecutor.java:410)
	at com.kms.katalon.core.main.TestCaseExecutor.execute(TestCaseExecutor.java:285)
	at com.kms.katalon.core.common.CommonExecutor.accessTestCaseMainPhase(CommonExecutor.java:65)
	at com.kms.katalon.core.main.TestSuiteExecutor.accessTestSuiteMainPhase(TestSuiteExecutor.java:148)
	at com.kms.katalon.core.main.TestSuiteExecutor.execute(TestSuiteExecutor.java:106)
	at com.kms.katalon.core.main.TestCaseMain.startTestSuite(TestCaseMain.java:187)
	at com.kms.katalon.core.main.TestCaseMain$startTestSuite$0.call(Unknown Source)
	at TempTestSuite1705165140030.run(TempTestSuite1705165140030.groovy:36)


2024-01-14 02:01:11 - [TEST_STEP][PASSED] - openBrowser(""): Browser is opened with url: ''

2024-01-14 02:01:11 - [MESSAGE][INFO] - Starting 'Chrome' driver

2024-01-14 02:01:11 - [MESSAGE][INFO] - Action delay is set to 0 milliseconds

2024-01-14 02:01:13 - [MESSAGE][PASSED] - Browser is opened with url: ''

2024-01-14 02:01:13 - [TEST_STEP][PASSED] - navigateToUrl("https://truyenteen.me/"): Navigate to 'https://truyenteen.me/' successfully

2024-01-14 02:01:18 - [MESSAGE][PASSED] - Navigate to 'https://truyenteen.me/' successfully

2024-01-14 02:01:18 - [TEST_STEP][PASSED] - waitForElementPresent(findTestObject("Page_TrangChu/button_TurnAdOff"), 10): Object 'Object Repository/Page_TrangChu/button_TurnAdOff' is present

2024-01-14 02:01:18 - [MESSAGE][PASSED] - Object 'Object Repository/Page_TrangChu/button_TurnAdOff' is present

2024-01-14 02:01:18 - [TEST_STEP][PASSED] - click(findTestObject("Object Repository/Page_TrangChu/button_TurnAdOff")): Object: 'Object Repository/Page_TrangChu/button_TurnAdOff' is clicked on

2024-01-14 02:01:19 - [MESSAGE][PASSED] - Object: 'Object Repository/Page_TrangChu/button_TurnAdOff' is clicked on

2024-01-14 02:01:19 - [TEST_STEP][PASSED] - setText(findTestObject("Object Repository/Page_TimKiem/input_search"), keyword): Text '%' is set on object 'Object Repository/Page_TimKiem/input_search'

2024-01-14 02:01:20 - [MESSAGE][PASSED] - Text '%' is set on object 'Object Repository/Page_TimKiem/input_search'

[...]

2024-01-14 02:03:46 - [TEST_STEP][PASSED] - wrongElements = elements.findAll({ java.lang.Object i -> ... }): null

2024-01-14 02:03:46 - [TEST_STEP][PASSED] - comment("Kết quả mong đợi là"): Kết quả mong đợi là

2024-01-14 02:03:46 - [MESSAGE][INFO] - Kết quả mong đợi là

2024-01-14 02:03:46 - [TEST_STEP][PASSED] - assert wrongElements.size() == 0: null

2024-01-14 02:03:46 - [TEST_STEP][PASSED] - closeBrowser(): Browser is closed

2024-01-14 02:03:47 - [MESSAGE][PASSED] - Browser is closed]]></system-out>
         <system-err><![CDATA[]]></system-err>
      </testcase>
      <testcase name="Test Cases/TimKiem/TimKiem_DSTruyenTraVe_TenTruyenKhopTuKhoa" time="22.361" classname="Test Cases/TimKiem/TimKiem_DSTruyenTraVe_TenTruyenKhopTuKhoa" status="PASSED">
         <system-out><![CDATA[2024-01-14 02:03:47 - [TEST_CASE][PASSED] - Test Cases/TimKiem/TimKiem_DSTruyenTraVe_TenTruyenKhopTuKhoa: Test Cases/TimKiem/TimKiem_DSTruyenTraVe_TenTruyenKhopTuKhoa

2024-01-14 02:03:47 - [TEST_STEP][PASSED] - openBrowser(""): Browser is opened with url: ''

2024-01-14 02:03:47 - [MESSAGE][INFO] - Starting 'Chrome' driver

2024-01-14 02:03:47 - [MESSAGE][INFO] - Action delay is set to 0 milliseconds

2024-01-14 02:03:49 - [MESSAGE][PASSED] - Browser is opened with url: ''

2024-01-14 02:03:49 - [TEST_STEP][PASSED] - navigateToUrl("https://truyenteen.me/"): Navigate to 'https://truyenteen.me/' successfully

2024-01-14 02:03:54 - [MESSAGE][PASSED] - Navigate to 'https://truyenteen.me/' successfully

2024-01-14 02:03:54 - [TEST_STEP][PASSED] - waitForElementPresent(findTestObject("Page_TrangChu/button_TurnAdOff"), 10): Object 'Object Repository/Page_TrangChu/button_TurnAdOff' is present

2024-01-14 02:03:54 - [MESSAGE][PASSED] - Object 'Object Repository/Page_TrangChu/button_TurnAdOff' is present

2024-01-14 02:03:54 - [TEST_STEP][PASSED] - click(findTestObject("Object Repository/Page_TrangChu/button_TurnAdOff")): Object: 'Object Repository/Page_TrangChu/button_TurnAdOff' is clicked on

2024-01-14 02:03:55 - [MESSAGE][PASSED] - Object: 'Object Repository/Page_TrangChu/button_TurnAdOff' is clicked on

2024-01-14 02:03:55 - [TEST_STEP][PASSED] - setText(findTestObject("Object Repository/Page_TimKiem/input_search"), keyword): Text 'tuanle09035410@gmail.com' is set on object 'Object Repository/Page_TimKiem/input_search'

2024-01-14 02:03:56 - [MESSAGE][PASSED] - Text 'tuanle09035410@gmail.com' is set on object 'Object Repository/Page_TimKiem/input_search'

2024-01-14 02:03:56 - [TEST_STEP][PASSED] - sendKeys(findTestObject("Object Repository/Page_TimKiem/input_search"), Keys.chord(ENTER)): Keys 'ENTER + ' sent to object: 'Object Repository/Page_TimKiem/input_search'

2024-01-14 02:03:57 - [MESSAGE][PASSED] - Keys 'ENTER + ' sent to object: 'Object Repository/Page_TimKiem/input_search'

2024-01-14 02:03:57 - [TEST_STEP][PASSED] - currentUrl = getUrl(): Current window's url is: 'https://truyenteen.me/kq-tim-kiem?search=tuanle09035410%40gmail.com'

2024-01-14 02:03:57 - [MESSAGE][PASSED] - Current window's url is: 'https://truyenteen.me/kq-tim-kiem?search=tuanle09035410%40gmail.com'

2024-01-14 02:03:57 - [TEST_STEP][PASSED] - if (currentUrl == url_main): null

2024-01-14 02:03:57 - [TEST_STEP][PASSED] - else: null

2024-01-14 02:03:57 - [TEST_STEP][PASSED] - linkNameObject = findTestObject("Object Repository/Page_TimKiem/link_TenTruyen"): null

2024-01-14 02:03:57 - [TEST_STEP][PASSED] - elements = findWebElements(linkNameObject, 10): Unable to find the element located by 'By.xpath: /html/body/main/section/div/div[1]/div/div/div[3]/div[1]/article/div/h2'. Please recheck the objects properties to make sure the desired element is located. 

2024-01-14 02:04:09 - [MESSAGE][INFO] - Unable to find the element located by 'By.xpath: /html/body/main/section/div/div[1]/div/div/div[3]/div[1]/article/div/h2'. Please recheck the objects properties to make sure the desired element is located. 

2024-01-14 02:04:09 - [TEST_STEP][PASSED] - wrongElements = elements.findAll({ java.lang.Object i -> ... }): null

2024-01-14 02:04:09 - [TEST_STEP][PASSED] - comment("Kết quả mong đợi là"): Kết quả mong đợi là

2024-01-14 02:04:09 - [MESSAGE][INFO] - Kết quả mong đợi là

2024-01-14 02:04:09 - [TEST_STEP][PASSED] - assert wrongElements.size() == 0: null

2024-01-14 02:04:09 - [TEST_STEP][PASSED] - closeBrowser(): Browser is closed

2024-01-14 02:04:09 - [MESSAGE][PASSED] - Browser is closed]]></system-out>
         <system-err><![CDATA[]]></system-err>
      </testcase>
      <testcase name="Test Cases/TimKiem/TimKiem_DSTruyenTraVe_TenTruyenKhopTuKhoa" time="21.421" classname="Test Cases/TimKiem/TimKiem_DSTruyenTraVe_TenTruyenKhopTuKhoa" status="PASSED">
         <system-out><![CDATA[2024-01-14 02:04:09 - [TEST_CASE][PASSED] - Test Cases/TimKiem/TimKiem_DSTruyenTraVe_TenTruyenKhopTuKhoa: Test Cases/TimKiem/TimKiem_DSTruyenTraVe_TenTruyenKhopTuKhoa

2024-01-14 02:04:09 - [TEST_STEP][PASSED] - openBrowser(""): Browser is opened with url: ''

2024-01-14 02:04:09 - [MESSAGE][INFO] - Starting 'Chrome' driver

2024-01-14 02:04:09 - [MESSAGE][INFO] - Action delay is set to 0 milliseconds

2024-01-14 02:04:11 - [MESSAGE][PASSED] - Browser is opened with url: ''

2024-01-14 02:04:11 - [TEST_STEP][PASSED] - navigateToUrl("https://truyenteen.me/"): Navigate to 'https://truyenteen.me/' successfully

2024-01-14 02:04:15 - [MESSAGE][PASSED] - Navigate to 'https://truyenteen.me/' successfully

2024-01-14 02:04:15 - [TEST_STEP][PASSED] - waitForElementPresent(findTestObject("Page_TrangChu/button_TurnAdOff"), 10): Object 'Object Repository/Page_TrangChu/button_TurnAdOff' is present

2024-01-14 02:04:16 - [MESSAGE][PASSED] - Object 'Object Repository/Page_TrangChu/button_TurnAdOff' is present

2024-01-14 02:04:16 - [TEST_STEP][PASSED] - click(findTestObject("Object Repository/Page_TrangChu/button_TurnAdOff")): Object: 'Object Repository/Page_TrangChu/button_TurnAdOff' is clicked on

2024-01-14 02:04:16 - [MESSAGE][PASSED] - Object: 'Object Repository/Page_TrangChu/button_TurnAdOff' is clicked on

2024-01-14 02:04:16 - [TEST_STEP][PASSED] - setText(findTestObject("Object Repository/Page_TimKiem/input_search"), keyword): Text 'tuanle0903541031@gmail.com' is set on object 'Object Repository/Page_TimKiem/input_search'

2024-01-14 02:04:18 - [MESSAGE][PASSED] - Text 'tuanle0903541031@gmail.com' is set on object 'Object Repository/Page_TimKiem/input_search'

2024-01-14 02:04:18 - [TEST_STEP][PASSED] - sendKeys(findTestObject("Object Repository/Page_TimKiem/input_search"), Keys.chord(ENTER)): Keys 'ENTER + ' sent to object: 'Object Repository/Page_TimKiem/input_search'

2024-01-14 02:04:19 - [MESSAGE][PASSED] - Keys 'ENTER + ' sent to object: 'Object Repository/Page_TimKiem/input_search'

2024-01-14 02:04:19 - [TEST_STEP][PASSED] - currentUrl = getUrl(): Current window's url is: 'https://truyenteen.me/kq-tim-kiem?search=tuanle0903541031%40gmail.com'

2024-01-14 02:04:19 - [MESSAGE][PASSED] - Current window's url is: 'https://truyenteen.me/kq-tim-kiem?search=tuanle0903541031%40gmail.com'

2024-01-14 02:04:19 - [TEST_STEP][PASSED] - if (currentUrl == url_main): null

2024-01-14 02:04:19 - [TEST_STEP][PASSED] - else: null

2024-01-14 02:04:19 - [TEST_STEP][PASSED] - linkNameObject = findTestObject("Object Repository/Page_TimKiem/link_TenTruyen"): null

2024-01-14 02:04:19 - [TEST_STEP][PASSED] - elements = findWebElements(linkNameObject, 10): Unable to find the element located by 'By.xpath: /html/body/main/section/div/div[1]/div/div/div[3]/div[1]/article/div/h2'. Please recheck the objects properties to make sure the desired element is located. 

2024-01-14 02:04:30 - [MESSAGE][INFO] - Unable to find the element located by 'By.xpath: /html/body/main/section/div/div[1]/div/div/div[3]/div[1]/article/div/h2'. Please recheck the objects properties to make sure the desired element is located. 

2024-01-14 02:04:30 - [TEST_STEP][PASSED] - wrongElements = elements.findAll({ java.lang.Object i -> ... }): null

2024-01-14 02:04:30 - [TEST_STEP][PASSED] - comment("Kết quả mong đợi là"): Kết quả mong đợi là

2024-01-14 02:04:30 - [MESSAGE][INFO] - Kết quả mong đợi là

2024-01-14 02:04:30 - [TEST_STEP][PASSED] - assert wrongElements.size() == 0: null

2024-01-14 02:04:30 - [TEST_STEP][PASSED] - closeBrowser(): Browser is closed

2024-01-14 02:04:31 - [MESSAGE][PASSED] - Browser is closed]]></system-out>
         <system-err><![CDATA[]]></system-err>
      </testcase>
      <testcase name="Test Cases/TimKiem/TimKiem_DSTruyenTraVe_TenTruyenKhopTuKhoa" time="21.898" classname="Test Cases/TimKiem/TimKiem_DSTruyenTraVe_TenTruyenKhopTuKhoa" status="PASSED">
         <system-out><![CDATA[2024-01-14 02:04:31 - [TEST_CASE][PASSED] - Test Cases/TimKiem/TimKiem_DSTruyenTraVe_TenTruyenKhopTuKhoa: Test Cases/TimKiem/TimKiem_DSTruyenTraVe_TenTruyenKhopTuKhoa

2024-01-14 02:04:31 - [TEST_STEP][PASSED] - openBrowser(""): Browser is opened with url: ''

2024-01-14 02:04:31 - [MESSAGE][INFO] - Starting 'Chrome' driver

2024-01-14 02:04:31 - [MESSAGE][INFO] - Action delay is set to 0 milliseconds

2024-01-14 02:04:32 - [MESSAGE][PASSED] - Browser is opened with url: ''

2024-01-14 02:04:32 - [TEST_STEP][PASSED] - navigateToUrl("https://truyenteen.me/"): Navigate to 'https://truyenteen.me/' successfully

2024-01-14 02:04:37 - [MESSAGE][PASSED] - Navigate to 'https://truyenteen.me/' successfully

2024-01-14 02:04:37 - [TEST_STEP][PASSED] - waitForElementPresent(findTestObject("Page_TrangChu/button_TurnAdOff"), 10): Object 'Object Repository/Page_TrangChu/button_TurnAdOff' is present

2024-01-14 02:04:38 - [MESSAGE][PASSED] - Object 'Object Repository/Page_TrangChu/button_TurnAdOff' is present

2024-01-14 02:04:38 - [TEST_STEP][PASSED] - click(findTestObject("Object Repository/Page_TrangChu/button_TurnAdOff")): Object: 'Object Repository/Page_TrangChu/button_TurnAdOff' is clicked on

2024-01-14 02:04:38 - [MESSAGE][PASSED] - Object: 'Object Repository/Page_TrangChu/button_TurnAdOff' is clicked on

2024-01-14 02:04:38 - [TEST_STEP][PASSED] - setText(findTestObject("Object Repository/Page_TimKiem/input_search"), keyword): Text 'tuanle0903541031' is set on object 'Object Repository/Page_TimKiem/input_search'

2024-01-14 02:04:40 - [MESSAGE][PASSED] - Text 'tuanle0903541031' is set on object 'Object Repository/Page_TimKiem/input_search'

2024-01-14 02:04:40 - [TEST_STEP][PASSED] - sendKeys(findTestObject("Object Repository/Page_TimKiem/input_search"), Keys.chord(ENTER)): Keys 'ENTER + ' sent to object: 'Object Repository/Page_TimKiem/input_search'

2024-01-14 02:04:41 - [MESSAGE][PASSED] - Keys 'ENTER + ' sent to object: 'Object Repository/Page_TimKiem/input_search'

2024-01-14 02:04:41 - [TEST_STEP][PASSED] - currentUrl = getUrl(): Current window's url is: 'https://truyenteen.me/kq-tim-kiem?search=tuanle0903541031'

2024-01-14 02:04:41 - [MESSAGE][PASSED] - Current window's url is: 'https://truyenteen.me/kq-tim-kiem?search=tuanle0903541031'

2024-01-14 02:04:41 - [TEST_STEP][PASSED] - if (currentUrl == url_main): null

2024-01-14 02:04:41 - [TEST_STEP][PASSED] - else: null

2024-01-14 02:04:41 - [TEST_STEP][PASSED] - linkNameObject = findTestObject("Object Repository/Page_TimKiem/link_TenTruyen"): null

2024-01-14 02:04:41 - [TEST_STEP][PASSED] - elements = findWebElements(linkNameObject, 10): Unable to find the element located by 'By.xpath: /html/body/main/section/div/div[1]/div/div/div[3]/div[1]/article/div/h2'. Please recheck the objects properties to make sure the desired element is located. 

2024-01-14 02:04:52 - [MESSAGE][INFO] - Unable to find the element located by 'By.xpath: /html/body/main/section/div/div[1]/div/div/div[3]/div[1]/article/div/h2'. Please recheck the objects properties to make sure the desired element is located. 

2024-01-14 02:04:52 - [TEST_STEP][PASSED] - wrongElements = elements.findAll({ java.lang.Object i -> ... }): null

2024-01-14 02:04:52 - [TEST_STEP][PASSED] - comment("Kết quả mong đợi là"): Kết quả mong đợi là

2024-01-14 02:04:52 - [MESSAGE][INFO] - Kết quả mong đợi là

2024-01-14 02:04:52 - [TEST_STEP][PASSED] - assert wrongElements.size() == 0: null

2024-01-14 02:04:52 - [TEST_STEP][PASSED] - closeBrowser(): Browser is closed

2024-01-14 02:04:53 - [MESSAGE][PASSED] - Browser is closed]]></system-out>
         <system-err><![CDATA[]]></system-err>
      </testcase>
      <testcase name="Test Cases/TimKiem/TimKiem_DSTruyenTraVe_TenTruyenKhopTuKhoa" time="22.084" classname="Test Cases/TimKiem/TimKiem_DSTruyenTraVe_TenTruyenKhopTuKhoa" status="PASSED">
         <system-out><![CDATA[2024-01-14 02:04:53 - [TEST_CASE][PASSED] - Test Cases/TimKiem/TimKiem_DSTruyenTraVe_TenTruyenKhopTuKhoa: Test Cases/TimKiem/TimKiem_DSTruyenTraVe_TenTruyenKhopTuKhoa

2024-01-14 02:04:53 - [TEST_STEP][PASSED] - openBrowser(""): Browser is opened with url: ''

2024-01-14 02:04:53 - [MESSAGE][INFO] - Starting 'Chrome' driver

2024-01-14 02:04:53 - [MESSAGE][INFO] - Action delay is set to 0 milliseconds

2024-01-14 02:04:54 - [MESSAGE][PASSED] - Browser is opened with url: ''

2024-01-14 02:04:54 - [TEST_STEP][PASSED] - navigateToUrl("https://truyenteen.me/"): Navigate to 'https://truyenteen.me/' successfully

2024-01-14 02:04:59 - [MESSAGE][PASSED] - Navigate to 'https://truyenteen.me/' successfully

2024-01-14 02:04:59 - [TEST_STEP][PASSED] - waitForElementPresent(findTestObject("Page_TrangChu/button_TurnAdOff"), 10): Object 'Object Repository/Page_TrangChu/button_TurnAdOff' is present

2024-01-14 02:05:00 - [MESSAGE][PASSED] - Object 'Object Repository/Page_TrangChu/button_TurnAdOff' is present

2024-01-14 02:05:00 - [TEST_STEP][PASSED] - click(findTestObject("Object Repository/Page_TrangChu/button_TurnAdOff")): Object: 'Object Repository/Page_TrangChu/button_TurnAdOff' is clicked on

2024-01-14 02:05:00 - [MESSAGE][PASSED] - Object: 'Object Repository/Page_TrangChu/button_TurnAdOff' is clicked on

2024-01-14 02:05:00 - [TEST_STEP][PASSED] - setText(findTestObject("Object Repository/Page_TimKiem/input_search"), keyword): Text '' is set on object 'Object Repository/Page_TimKiem/input_search'

2024-01-14 02:05:01 - [MESSAGE][PASSED] - Text '' is set on object 'Object Repository/Page_TimKiem/input_search'

2024-01-14 02:05:01 - [TEST_STEP][PASSED] - sendKeys(findTestObject("Object Repository/Page_TimKiem/input_search"), Keys.chord(ENTER)): Keys 'ENTER + ' sent to object: 'Object Repository/Page_TimKiem/input_search'

2024-01-14 02:05:03 - [MESSAGE][PASSED] - Keys 'ENTER + ' sent to object: 'Object Repository/Page_TimKiem/input_search'

2024-01-14 02:05:03 - [TEST_STEP][PASSED] - currentUrl = getUrl(): Current window's url is: 'https://truyenteen.me/'

2024-01-14 02:05:03 - [MESSAGE][PASSED] - Current window's url is: 'https://truyenteen.me/'

2024-01-14 02:05:03 - [TEST_STEP][PASSED] - if (currentUrl == url_main): null

2024-01-14 02:05:03 - [TEST_STEP][PASSED] - else: null

2024-01-14 02:05:03 - [TEST_STEP][PASSED] - linkNameObject = findTestObject("Object Repository/Page_TimKiem/link_TenTruyen"): null

2024-01-14 02:05:03 - [TEST_STEP][PASSED] - elements = findWebElements(linkNameObject, 10): Unable to find the element located by 'By.xpath: /html/body/main/section/div/div[1]/div/div/div[3]/div[1]/article/div/h2'. Please recheck the objects properties to make sure the desired element is located. 

2024-01-14 02:05:14 - [MESSAGE][INFO] - Unable to find the element located by 'By.xpath: /html/body/main/section/div/div[1]/div/div/div[3]/div[1]/article/div/h2'. Please recheck the objects properties to make sure the desired element is located. 

2024-01-14 02:05:14 - [TEST_STEP][PASSED] - wrongElements = elements.findAll({ java.lang.Object i -> ... }): null

2024-01-14 02:05:14 - [TEST_STEP][PASSED] - comment("Kết quả mong đợi là"): Kết quả mong đợi là

2024-01-14 02:05:14 - [MESSAGE][INFO] - Kết quả mong đợi là

2024-01-14 02:05:14 - [TEST_STEP][PASSED] - assert wrongElements.size() == 0: null

2024-01-14 02:05:14 - [TEST_STEP][PASSED] - closeBrowser(): Browser is closed

2024-01-14 02:05:15 - [MESSAGE][PASSED] - Browser is closed]]></system-out>
         <system-err><![CDATA[]]></system-err>
      </testcase>
      <system-out><![CDATA[2024-01-14 01:59:02 - [TEST_SUITE][FAILED] - TimKiem_Voi_Nhieu_TestData_Khac_nhau: Test Cases/TimKiem/TimKiem_DSTruyenTraVe_TenTruyenKhopTuKhoa FAILED.
Reason:
Assertion failed: 

assert wrongElements.size() == 0
       |             |      |
       |             2      false
       [[[CChromeDriver: chrome on WINDOWS (85b0e822fdf6eb6c5463c9a4b131df1c)] -> xpath: /html/body/main/section/div/div[1]/div/div/div[3]/div[1]/article/div/h2], [[CChromeDriver: chrome on WINDOWS (85b0e822fdf6eb6c5463c9a4b131df1c)] -> xpath: /html/body/main/section/div/div[1]/div/div/div[3]/div[1]/article/div/h2]]

	at TimKiem_DSTruyenTraVe_TenTruyenKhopTuKhoa.run(TimKiem_DSTruyenTraVe_TenTruyenKhopTuKhoa:49)
	at com.kms.katalon.core.main.ScriptEngine.run(ScriptEngine.java:194)
	at com.kms.katalon.core.main.ScriptEngine.runScriptAsRawText(ScriptEngine.java:119)
	at com.kms.katalon.core.main.TestCaseExecutor.runScript(TestCaseExecutor.java:448)
	at com.kms.katalon.core.main.TestCaseExecutor.doExecute(TestCaseExecutor.java:439)
	at com.kms.katalon.core.main.TestCaseExecutor.processExecutionPhase(TestCaseExecutor.java:418)
	at com.kms.katalon.core.main.TestCaseExecutor.accessMainPhase(TestCaseExecutor.java:410)
	at com.kms.katalon.core.main.TestCaseExecutor.execute(TestCaseExecutor.java:285)
	at com.kms.katalon.core.common.CommonExecutor.accessTestCaseMainPhase(CommonExecutor.java:65)
	at com.kms.katalon.core.main.TestSuiteExecutor.accessTestSuiteMainPhase(TestSuiteExecutor.java:148)
	at com.kms.katalon.core.main.TestSuiteExecutor.execute(TestSuiteExecutor.java:106)
	at com.kms.katalon.core.main.TestCaseMain.startTestSuite(TestCaseMain.java:187)
	at com.kms.katalon.core.main.TestCaseMain$startTestSuite$0.call(Unknown Source)
	at TempTestSuite1705165140030.run(TempTestSuite1705165140030.groovy:36)]]></system-out>
      <system-err><![CDATA[2024-01-14 01:59:02 - [TEST_SUITE][FAILED] - TimKiem_Voi_Nhieu_TestData_Khac_nhau: Test Cases/TimKiem/TimKiem_DSTruyenTraVe_TenTruyenKhopTuKhoa FAILED.
Reason:
Assertion failed: 

assert wrongElements.size() == 0
       |             |      |
       |             2      false
       [[[CChromeDriver: chrome on WINDOWS (85b0e822fdf6eb6c5463c9a4b131df1c)] -> xpath: /html/body/main/section/div/div[1]/div/div/div[3]/div[1]/article/div/h2], [[CChromeDriver: chrome on WINDOWS (85b0e822fdf6eb6c5463c9a4b131df1c)] -> xpath: /html/body/main/section/div/div[1]/div/div/div[3]/div[1]/article/div/h2]]

	at TimKiem_DSTruyenTraVe_TenTruyenKhopTuKhoa.run(TimKiem_DSTruyenTraVe_TenTruyenKhopTuKhoa:49)
	at com.kms.katalon.core.main.ScriptEngine.run(ScriptEngine.java:194)
	at com.kms.katalon.core.main.ScriptEngine.runScriptAsRawText(ScriptEngine.java:119)
	at com.kms.katalon.core.main.TestCaseExecutor.runScript(TestCaseExecutor.java:448)
	at com.kms.katalon.core.main.TestCaseExecutor.doExecute(TestCaseExecutor.java:439)
	at com.kms.katalon.core.main.TestCaseExecutor.processExecutionPhase(TestCaseExecutor.java:418)
	at com.kms.katalon.core.main.TestCaseExecutor.accessMainPhase(TestCaseExecutor.java:410)
	at com.kms.katalon.core.main.TestCaseExecutor.execute(TestCaseExecutor.java:285)
	at com.kms.katalon.core.common.CommonExecutor.accessTestCaseMainPhase(CommonExecutor.java:65)
	at com.kms.katalon.core.main.TestSuiteExecutor.accessTestSuiteMainPhase(TestSuiteExecutor.java:148)
	at com.kms.katalon.core.main.TestSuiteExecutor.execute(TestSuiteExecutor.java:106)
	at com.kms.katalon.core.main.TestCaseMain.startTestSuite(TestCaseMain.java:187)
	at com.kms.katalon.core.main.TestCaseMain$startTestSuite$0.call(Unknown Source)
	at TempTestSuite1705165140030.run(TempTestSuite1705165140030.groovy:36)]]></system-err>
   </testsuite>
</testsuites>
